[1m============================= test session starts ==============================[0m
platform linux -- Python 3.8.10, pytest-7.4.3, pluggy-0.13.0
cachedir: /home/jrlintern/Desktop/CNRS_AIST_Work/CNRS_AIST_Mobile_Shopping_Robot/robot_ws_ros2/build/examples_rclpy_minimal_client/.pytest_cache
rootdir: /home/jrlintern/Desktop/CNRS_AIST_Work/CNRS_AIST_Mobile_Shopping_Robot/robot_ws_ros2/src/examples/rclpy
configfile: pytest.ini
plugins: ament-xmllint-0.9.8, ament-pep257-0.9.8, ament-copyright-0.9.8, launch-testing-ros-0.11.7, launch-testing-0.10.10, ament-lint-0.9.8, ament-flake8-0.9.8, rerunfailures-12.0, repeat-0.9.3, timeout-1.3.3, colcon-core-0.15.0, cov-2.8.1, mock-1.10.4
[1mcollecting ... [0m[1m
collected 3 items                                                              [0m

test/test_copyright.py [32m.[0m[33m                                                 [ 33%][0m
test/test_flake8.py [31mF[0m[31m                                                    [ 66%][0m
test/test_pep257.py [32m.[0m[31m                                                    [100%][0m

=================================== FAILURES ===================================
[31m[1m_________________________________ test_flake8 __________________________________[0m
[1m[31mtest/test_flake8.py[0m:23: in test_flake8
    [34;01massert[39;49;00m rc == [34;01m0[39;49;00m, \
[1m[31mE   AssertionError: Found 4 code style errors / warnings:[0m
[1m[31mE     ./examples_rclpy_minimal_client/client.py:36:1: B902 blind except Exception: statement[0m
[1m[31mE     ./examples_rclpy_minimal_client/client_async_callback.py:42:1: B902 blind except Exception: statement[0m
[1m[31mE     ./examples_rclpy_minimal_client/client_async_member_function.py:47:1: B902 blind except Exception: statement[0m
[1m[31mE     ./examples_rclpy_minimal_client/client_async.py:39:1: B902 blind except Exception: statement[0m
[1m[31mE   assert 1 == 0[0m
----------------------------- Captured stdout call -----------------------------

./examples_rclpy_minimal_client/client.py:36:1: B902 blind except Exception: statement
    except Exception as e:
^

./examples_rclpy_minimal_client/client_async_callback.py:42:1: B902 blind except Exception: statement
            except Exception as e:
^

./examples_rclpy_minimal_client/client_async_member_function.py:47:1: B902 blind except Exception: statement
            except Exception as e:
^

./examples_rclpy_minimal_client/client_async.py:39:1: B902 blind except Exception: statement
            except Exception as e:
^

4     B902 blind except Exception: statement

9 files checked
4 errors

'B'-type errors: 4

Checked files:

* ./setup.py
* ./examples_rclpy_minimal_client/__init__.py
* ./examples_rclpy_minimal_client/client.py
* ./examples_rclpy_minimal_client/client_async_callback.py
* ./examples_rclpy_minimal_client/client_async_member_function.py
* ./examples_rclpy_minimal_client/client_async.py
* ./test/test_pep257.py
* ./test/test_copyright.py
* ./test/test_flake8.py
----------------------------- Captured stderr call -----------------------------
Plugin requested optional parameter "builtins" but this is not an available parameter.
Plugin requested optional parameter "builtins" but this is not an available parameter.
Plugin requested optional parameter "builtins" but this is not an available parameter.
Plugin requested optional parameter "builtins" but this is not an available parameter.
Plugin requested optional parameter "builtins" but this is not an available parameter.
Plugin requested optional parameter "builtins" but this is not an available parameter.
Plugin requested optional parameter "builtins" but this is not an available parameter.
Plugin requested optional parameter "builtins" but this is not an available parameter.
Plugin requested optional parameter "builtins" but this is not an available parameter.
[33m=============================== warnings summary ===============================[0m
../../../../../../../../../../../usr/lib/python3/dist-packages/pydocstyle/config.py:6
  Warning: Using or importing the ABCs from 'collections' instead of from 'collections.abc' is deprecated since Python 3.3, and in 3.10 it will stop working

-- Docs: https://docs.pytest.org/en/stable/how-to/capture-warnings.html
- generated xml file: /home/jrlintern/Desktop/CNRS_AIST_Work/CNRS_AIST_Mobile_Shopping_Robot/robot_ws_ros2/build/examples_rclpy_minimal_client/pytest.xml -
[36m[1m=========================== short test summary info ============================[0m
[31mFAILED[0m test/test_flake8.py::[1mtest_flake8[0m - AssertionError: Found 4 code style errors / warnings:
[31m==================== [31m[1m1 failed[0m, [32m2 passed[0m, [33m1 warning[0m[31m in 0.44s[0m[31m ====================[0m
