[2.365s] Invoking command in '/home/jrlintern/Desktop/CNRS_AIST_Work/CNRS_AIST_Mobile_Shopping_Robot/robot_ws_ros2/src/examples/rclpy/services/minimal_client': AMENT_PREFIX_PATH=/home/jrlintern/Desktop/CNRS_AIST_Work/CNRS_AIST_Mobile_Shopping_Robot/robot_ws_ros2/install/examples_rclpy_minimal_client:${AMENT_PREFIX_PATH} PYTEST_ADDOPTS=--tb=short --junit-xml=/home/jrlintern/Desktop/CNRS_AIST_Work/CNRS_AIST_Mobile_Shopping_Robot/robot_ws_ros2/build/examples_rclpy_minimal_client/pytest.xml --junit-prefix=examples_rclpy_minimal_client -o cache_dir=/home/jrlintern/Desktop/CNRS_AIST_Work/CNRS_AIST_Mobile_Shopping_Robot/robot_ws_ros2/build/examples_rclpy_minimal_client/.pytest_cache PYTHONPATH=/home/jrlintern/Desktop/CNRS_AIST_Work/CNRS_AIST_Mobile_Shopping_Robot/robot_ws_ros2/build/examples_rclpy_minimal_client:/home/jrlintern/Desktop/CNRS_AIST_Work/CNRS_AIST_Mobile_Shopping_Robot/robot_ws_ros2/install/examples_rclpy_minimal_client/lib/python3.8/site-packages:/opt/ros/foxy/lib/python3.8/site-packages:/usr/local/lib/python3.8/dist-packages /usr/bin/python3 -m pytest
[3.257s] [1m============================= test session starts ==============================[0m
[3.257s] platform linux -- Python 3.8.10, pytest-7.4.3, pluggy-0.13.0
[3.257s] cachedir: /home/jrlintern/Desktop/CNRS_AIST_Work/CNRS_AIST_Mobile_Shopping_Robot/robot_ws_ros2/build/examples_rclpy_minimal_client/.pytest_cache
[3.257s] rootdir: /home/jrlintern/Desktop/CNRS_AIST_Work/CNRS_AIST_Mobile_Shopping_Robot/robot_ws_ros2/src/examples/rclpy
[3.257s] configfile: pytest.ini
[3.257s] plugins: ament-xmllint-0.9.8, ament-pep257-0.9.8, ament-copyright-0.9.8, launch-testing-ros-0.11.7, launch-testing-0.10.10, ament-lint-0.9.8, ament-flake8-0.9.8, rerunfailures-12.0, repeat-0.9.3, timeout-1.3.3, colcon-core-0.15.0, cov-2.8.1, mock-1.10.4
[3.271s] [1mcollecting ... [0m[1m
[3.271s] collected 3 items                                                              [0m
[3.271s] 
[3.305s] test/test_copyright.py [32m.[0m[33m                                                 [ 33%][0m
[3.576s] test/test_flake8.py [31mF[0m[31m                                                    [ 66%][0m
[3.616s] test/test_pep257.py [32m.[0m[31m                                                    [100%][0m
[3.617s] 
[3.617s] =================================== FAILURES ===================================
[3.618s] [31m[1m_________________________________ test_flake8 __________________________________[0m
[3.618s] [1m[31mtest/test_flake8.py[0m:23: in test_flake8
[3.643s]     [34;01massert[39;49;00m rc == [34;01m0[39;49;00m, \
[3.643s] [1m[31mE   AssertionError: Found 4 code style errors / warnings:[0m
[3.644s] [1m[31mE     ./examples_rclpy_minimal_client/client.py:36:1: B902 blind except Exception: statement[0m
[3.648s] [1m[31mE     ./examples_rclpy_minimal_client/client_async_callback.py:42:1: B902 blind except Exception: statement[0m
[3.648s] [1m[31mE     ./examples_rclpy_minimal_client/client_async_member_function.py:47:1: B902 blind except Exception: statement[0m
[3.648s] [1m[31mE     ./examples_rclpy_minimal_client/client_async.py:39:1: B902 blind except Exception: statement[0m
[3.648s] [1m[31mE   assert 1 == 0[0m
[3.649s] ----------------------------- Captured stdout call -----------------------------
[3.649s] 
[3.652s] ./examples_rclpy_minimal_client/client.py:36:1: B902 blind except Exception: statement
[3.652s]     except Exception as e:
[3.652s] ^
[3.652s] 
[3.652s] ./examples_rclpy_minimal_client/client_async_callback.py:42:1: B902 blind except Exception: statement
[3.652s]             except Exception as e:
[3.652s] ^
[3.652s] 
[3.653s] ./examples_rclpy_minimal_client/client_async_member_function.py:47:1: B902 blind except Exception: statement
[3.653s]             except Exception as e:
[3.653s] ^
[3.653s] 
[3.653s] ./examples_rclpy_minimal_client/client_async.py:39:1: B902 blind except Exception: statement
[3.654s]             except Exception as e:
[3.654s] ^
[3.654s] 
[3.654s] 4     B902 blind except Exception: statement
[3.654s] 
[3.654s] 9 files checked
[3.655s] 4 errors
[3.655s] 
[3.655s] 'B'-type errors: 4
[3.655s] 
[3.655s] Checked files:
[3.656s] 
[3.656s] * ./setup.py
[3.656s] * ./examples_rclpy_minimal_client/__init__.py
[3.656s] * ./examples_rclpy_minimal_client/client.py
[3.656s] * ./examples_rclpy_minimal_client/client_async_callback.py
[3.656s] * ./examples_rclpy_minimal_client/client_async_member_function.py
[3.656s] * ./examples_rclpy_minimal_client/client_async.py
[3.656s] * ./test/test_pep257.py
[3.657s] * ./test/test_copyright.py
[3.657s] * ./test/test_flake8.py
[3.657s] ----------------------------- Captured stderr call -----------------------------
[3.657s] Plugin requested optional parameter "builtins" but this is not an available parameter.
[3.657s] Plugin requested optional parameter "builtins" but this is not an available parameter.
[3.657s] Plugin requested optional parameter "builtins" but this is not an available parameter.
[3.657s] Plugin requested optional parameter "builtins" but this is not an available parameter.
[3.657s] Plugin requested optional parameter "builtins" but this is not an available parameter.
[3.658s] Plugin requested optional parameter "builtins" but this is not an available parameter.
[3.658s] Plugin requested optional parameter "builtins" but this is not an available parameter.
[3.658s] Plugin requested optional parameter "builtins" but this is not an available parameter.
[3.658s] Plugin requested optional parameter "builtins" but this is not an available parameter.
[3.658s] [33m=============================== warnings summary ===============================[0m
[3.658s] ../../../../../../../../../../../usr/lib/python3/dist-packages/pydocstyle/config.py:6
[3.658s]   Warning: Using or importing the ABCs from 'collections' instead of from 'collections.abc' is deprecated since Python 3.3, and in 3.10 it will stop working
[3.658s] 
[3.658s] -- Docs: https://docs.pytest.org/en/stable/how-to/capture-warnings.html
[3.659s] - generated xml file: /home/jrlintern/Desktop/CNRS_AIST_Work/CNRS_AIST_Mobile_Shopping_Robot/robot_ws_ros2/build/examples_rclpy_minimal_client/pytest.xml -
[3.659s] [36m[1m=========================== short test summary info ============================[0m
[3.659s] [31mFAILED[0m test/test_flake8.py::[1mtest_flake8[0m - AssertionError: Found 4 code style errors / warnings:
[3.659s] [31m==================== [31m[1m1 failed[0m, [32m2 passed[0m, [33m1 warning[0m[31m in 0.44s[0m[31m ====================[0m
[3.786s] Invoked command in '/home/jrlintern/Desktop/CNRS_AIST_Work/CNRS_AIST_Mobile_Shopping_Robot/robot_ws_ros2/src/examples/rclpy/services/minimal_client' returned '1': AMENT_PREFIX_PATH=/home/jrlintern/Desktop/CNRS_AIST_Work/CNRS_AIST_Mobile_Shopping_Robot/robot_ws_ros2/install/examples_rclpy_minimal_client:${AMENT_PREFIX_PATH} PYTEST_ADDOPTS=--tb=short --junit-xml=/home/jrlintern/Desktop/CNRS_AIST_Work/CNRS_AIST_Mobile_Shopping_Robot/robot_ws_ros2/build/examples_rclpy_minimal_client/pytest.xml --junit-prefix=examples_rclpy_minimal_client -o cache_dir=/home/jrlintern/Desktop/CNRS_AIST_Work/CNRS_AIST_Mobile_Shopping_Robot/robot_ws_ros2/build/examples_rclpy_minimal_client/.pytest_cache PYTHONPATH=/home/jrlintern/Desktop/CNRS_AIST_Work/CNRS_AIST_Mobile_Shopping_Robot/robot_ws_ros2/build/examples_rclpy_minimal_client:/home/jrlintern/Desktop/CNRS_AIST_Work/CNRS_AIST_Mobile_Shopping_Robot/robot_ws_ros2/install/examples_rclpy_minimal_client/lib/python3.8/site-packages:/opt/ros/foxy/lib/python3.8/site-packages:/usr/local/lib/python3.8/dist-packages /usr/bin/python3 -m pytest
