[0.229s] Invoking command in '/home/jrlintern/Desktop/CNRS_AIST_Work/CNRS_AIST_Mobile_Shopping_Robot/robot_ws_ros2/build/c_pkg': CMAKE_PREFIX_PATH=${CMAKE_PREFIX_PATH}:/opt/ros/foxy /usr/bin/cmake --build /home/jrlintern/Desktop/CNRS_AIST_Work/CNRS_AIST_Mobile_Shopping_Robot/robot_ws_ros2/build/c_pkg -- -j8 -l8
[0.259s] [  2%] Built target c_pkg__cpp
[0.259s] [ 10%] Built target c_pkg__rosidl_generator_c
[0.271s] [ 32%] Built target c_pkg__rosidl_typesupport_cpp
[0.272s] [ 32%] Built target c_pkg__rosidl_typesupport_introspection_cpp
[0.272s] [ 35%] Built target c_pkg__rosidl_typesupport_fastrtps_cpp
[0.283s] [ 48%] Built target c_pkg__rosidl_typesupport_introspection_c
[0.284s] [ 51%] Built target c_pkg__rosidl_typesupport_c
[0.284s] [ 59%] Built target c_pkg__rosidl_typesupport_fastrtps_c
[0.294s] [ 59%] Built target c_pkg
[0.306s] [ 62%] Built target c_pkg__py
[0.312s] [ 72%] Built target keyboard_control_node
[0.316s] [ 75%] [32mBuilding CXX object CMakeFiles/bot_control_driver_node.dir/src/bot_control_driver.cpp.o[0m
[0.319s] [ 81%] Built target c_pkg__python
[0.334s] [ 86%] Built target c_pkg__rosidl_typesupport_c__pyext
[0.334s] [ 91%] Built target c_pkg__rosidl_typesupport_introspection_c__pyext
[0.334s] [ 97%] Built target c_pkg__rosidl_typesupport_fastrtps_c__pyext
[1.893s] [01m[K/home/jrlintern/Desktop/CNRS_AIST_Work/CNRS_AIST_Mobile_Shopping_Robot/robot_ws_ros2/src/c_pkg/src/bot_control_driver.cpp:[m[K In constructor â€˜[01m[KBot_control_driver::Bot_control_driver()[m[Kâ€™:
[1.893s] [01m[K/home/jrlintern/Desktop/CNRS_AIST_Work/CNRS_AIST_Mobile_Shopping_Robot/robot_ws_ros2/src/c_pkg/src/bot_control_driver.cpp:17:9:[m[K [01;31m[Kerror: [m[Kâ€˜[01m[Krotor_rad_p_sec[m[Kâ€™ was not declared in this scope
[1.893s]    17 |         [01;31m[Krotor_rad_p_sec[m[K[0] = 0.0;
[1.893s]       |         [01;31m[K^~~~~~~~~~~~~~~[m[K
[3.357s] make[2]: *** [CMakeFiles/bot_control_driver_node.dir/build.make:76: CMakeFiles/bot_control_driver_node.dir/src/bot_control_driver.cpp.o] Error 1
[3.357s] make[1]: *** [CMakeFiles/Makefile2:574: CMakeFiles/bot_control_driver_node.dir/all] Error 2
[3.358s] make: *** [Makefile:146: all] Error 2
[3.360s] Invoked command in '/home/jrlintern/Desktop/CNRS_AIST_Work/CNRS_AIST_Mobile_Shopping_Robot/robot_ws_ros2/build/c_pkg' returned '2': CMAKE_PREFIX_PATH=${CMAKE_PREFIX_PATH}:/opt/ros/foxy /usr/bin/cmake --build /home/jrlintern/Desktop/CNRS_AIST_Work/CNRS_AIST_Mobile_Shopping_Robot/robot_ws_ros2/build/c_pkg -- -j8 -l8
