[  5%] Built target c_pkg__cpp
[ 10%] Built target c_pkg__rosidl_generator_c
[ 27%] Built target c_pkg__rosidl_typesupport_introspection_c
[ 27%] Built target c_pkg__rosidl_typesupport_c
[ 35%] Built target c_pkg__rosidl_typesupport_introspection_cpp
[ 43%] Built target c_pkg__rosidl_typesupport_cpp
[ 51%] Built target c_pkg__rosidl_typesupport_fastrtps_cpp
[ 59%] Built target c_pkg__rosidl_typesupport_fastrtps_c
[ 59%] Built target c_pkg
[ 62%] Built target c_pkg__py
[ 72%] Built target keyboard_control_node
[ 75%] [32mBuilding CXX object CMakeFiles/bot_control_driver_node.dir/src/bot_control_driver.cpp.o[0m
[ 81%] Built target c_pkg__python
[ 97%] Built target c_pkg__rosidl_typesupport_fastrtps_c__pyext
[ 97%] Built target c_pkg__rosidl_typesupport_c__pyext
[ 97%] Built target c_pkg__rosidl_typesupport_introspection_c__pyext
[01m[K/home/jrlintern/Desktop/CNRS_AIST_Work/CNRS_AIST_Mobile_Shopping_Robot/robot_ws_ros2/src/c_pkg/src/bot_control_driver.cpp:26:11:[m[K [01;35m[Kwarning: [m[KISO C++ forbids flexible array member â€˜[01m[Krotor_rad_p_sec[m[Kâ€™ [[01;35m[K-Wpedantic[m[K]
   26 |     float [01;35m[Krotor_rad_p_sec[m[K[] = {0.0, 0.0, 0.0}; // rev. per sec
      |           [01;35m[K^~~~~~~~~~~~~~~[m[K
[01m[K/home/jrlintern/Desktop/CNRS_AIST_Work/CNRS_AIST_Mobile_Shopping_Robot/robot_ws_ros2/src/c_pkg/src/bot_control_driver.cpp:26:11:[m[K [01;31m[Kerror: [m[Kflexible array member â€˜[01m[KBot_control_driver::rotor_rad_p_sec[m[Kâ€™ not at end of â€˜[01m[Kclass Bot_control_driver[m[Kâ€™
[01m[K/home/jrlintern/Desktop/CNRS_AIST_Work/CNRS_AIST_Mobile_Shopping_Robot/robot_ws_ros2/src/c_pkg/src/bot_control_driver.cpp:26:11:[m[K [01;31m[Kerror: [m[Kinitializer for flexible array member â€˜[01m[Kfloat Bot_control_driver::rotor_rad_p_sec [][m[Kâ€™
make[2]: *** [CMakeFiles/bot_control_driver_node.dir/build.make:76: CMakeFiles/bot_control_driver_node.dir/src/bot_control_driver.cpp.o] Error 1
make[1]: *** [CMakeFiles/Makefile2:574: CMakeFiles/bot_control_driver_node.dir/all] Error 2
make: *** [Makefile:146: all] Error 2
