[0.223s] Invoking command in '/home/jrlintern/Desktop/CNRS_AIST_Work/CNRS_AIST_Mobile_Shopping_Robot/robot_ws_ros2/build/c_pkg': CMAKE_PREFIX_PATH=${CMAKE_PREFIX_PATH}:/opt/ros/foxy /usr/bin/cmake --build /home/jrlintern/Desktop/CNRS_AIST_Work/CNRS_AIST_Mobile_Shopping_Robot/robot_ws_ros2/build/c_pkg -- -j8 -l8
[0.241s] -- Found ament_cmake: 0.9.12 (/opt/ros/foxy/share/ament_cmake/cmake)
[0.242s] [33mCMake Warning (dev) at /opt/ros/foxy/share/ament_cmake_core/cmake/core/python.cmake:22 (find_package):
[0.243s]   Policy CMP0148 is not set: The FindPythonInterp and FindPythonLibs modules
[0.243s]   are removed.  Run "cmake --help-policy CMP0148" for policy details.  Use
[0.243s]   the cmake_policy command to set the policy and suppress this warning.
[0.243s] 
[0.243s] Call Stack (most recent call first):
[0.243s]   /opt/ros/foxy/share/ament_cmake_core/cmake/core/all.cmake:53 (include)
[0.243s]   /opt/ros/foxy/share/ament_cmake_core/cmake/ament_cmake_core-extras.cmake:17 (include)
[0.243s]   /opt/ros/foxy/share/ament_cmake_core/cmake/ament_cmake_coreConfig.cmake:41 (include)
[0.243s]   /opt/ros/foxy/share/ament_cmake/cmake/ament_cmake_export_dependencies-extras.cmake:15 (find_package)
[0.243s]   /opt/ros/foxy/share/ament_cmake/cmake/ament_cmakeConfig.cmake:41 (include)
[0.243s]   CMakeLists.txt:19 (find_package)
[0.243s] This warning is for project developers.  Use -Wno-dev to suppress it.
[0.243s] [0m
[0.267s] -- Found PythonInterp: /usr/bin/python3 (found suitable version "3.8.10", minimum required is "3") 
[0.267s] -- Using PYTHON_EXECUTABLE: /usr/bin/python3
[0.460s] -- Found rclcpp: 2.4.3 (/opt/ros/foxy/share/rclcpp/cmake)
[0.492s] -- Using all available rosidl_typesupport_c: rosidl_typesupport_fastrtps_c;rosidl_typesupport_introspection_c
[0.495s] -- Found rosidl_adapter: 1.3.1 (/opt/ros/foxy/share/rosidl_adapter/cmake)
[0.614s] -- Using all available rosidl_typesupport_cpp: rosidl_typesupport_fastrtps_cpp;rosidl_typesupport_introspection_cpp
[0.659s] -- Found rmw_implementation_cmake: 1.0.4 (/opt/ros/foxy/share/rmw_implementation_cmake/cmake)
[0.660s] -- Using RMW implementation 'rmw_fastrtps_cpp' as default
[0.785s] -- Found rosidl_default_generators: 1.0.1 (/opt/ros/foxy/share/rosidl_default_generators/cmake)
[0.794s] [33mCMake Warning (dev) at /opt/ros/foxy/share/rosidl_adapter/cmake/rosidl_adapt_interfaces.cmake:40 (find_package):
[0.794s]   Policy CMP0148 is not set: The FindPythonInterp and FindPythonLibs modules
[0.794s]   are removed.  Run "cmake --help-policy CMP0148" for policy details.  Use
[0.794s]   the cmake_policy command to set the policy and suppress this warning.
[0.794s] 
[0.794s] Call Stack (most recent call first):
[0.794s]   /opt/ros/foxy/share/rosidl_cmake/cmake/rosidl_generate_interfaces.cmake:130 (rosidl_adapt_interfaces)
[0.794s]   CMakeLists.txt:26 (rosidl_generate_interfaces)
[0.794s] This warning is for project developers.  Use -Wno-dev to suppress it.
[0.794s] [0m
[0.814s] -- Found PythonInterp: /usr/bin/python3 (found version "3.8.10") 
[0.926s] [33mCMake Warning (dev) at /home/jrlintern/Desktop/CNRS_AIST_Work/CNRS_AIST_Mobile_Shopping_Robot/robot_ws_ros2/build/c_pkg/ament_cmake_core/package.cmake:4:
[0.926s]   Syntax Warning in cmake code at column 27
[0.926s] 
[0.926s]   Argument not separated from preceding token by whitespace.
[0.927s] Call Stack (most recent call first):
[0.927s]   /opt/ros/foxy/share/ament_cmake_core/cmake/core/ament_package_xml.cmake:99 (include)
[0.927s]   /opt/ros/foxy/share/ament_cmake_core/cmake/core/ament_package_xml.cmake:49 (_ament_package_xml)
[0.927s]   /opt/ros/foxy/share/rosidl_cmake/cmake/rosidl_generate_interfaces.cmake:226 (ament_package_xml)
[0.927s]   CMakeLists.txt:26 (rosidl_generate_interfaces)
[0.927s] This warning is for project developers.  Use -Wno-dev to suppress it.
[0.927s] [0m
[0.927s] [33mCMake Warning (dev) at /home/jrlintern/Desktop/CNRS_AIST_Work/CNRS_AIST_Mobile_Shopping_Robot/robot_ws_ros2/build/c_pkg/ament_cmake_core/package.cmake:4:
[0.927s]   Syntax Warning in cmake code at column 38
[0.927s] 
[0.927s]   Argument not separated from preceding token by whitespace.
[0.927s] Call Stack (most recent call first):
[0.927s]   /opt/ros/foxy/share/ament_cmake_core/cmake/core/ament_package_xml.cmake:99 (include)
[0.927s]   /opt/ros/foxy/share/ament_cmake_core/cmake/core/ament_package_xml.cmake:49 (_ament_package_xml)
[0.927s]   /opt/ros/foxy/share/rosidl_cmake/cmake/rosidl_generate_interfaces.cmake:226 (ament_package_xml)
[0.927s]   CMakeLists.txt:26 (rosidl_generate_interfaces)
[0.928s] This warning is for project developers.  Use -Wno-dev to suppress it.
[0.928s] [0m
[0.928s] [33mCMake Warning (dev) at /home/jrlintern/Desktop/CNRS_AIST_Work/CNRS_AIST_Mobile_Shopping_Robot/robot_ws_ros2/build/c_pkg/ament_cmake_core/package.cmake:6:
[0.928s]   Syntax Warning in cmake code at column 34
[0.928s] 
[0.928s]   Argument not separated from preceding token by whitespace.
[0.928s] Call Stack (most recent call first):
[0.928s]   /opt/ros/foxy/share/ament_cmake_core/cmake/core/ament_package_xml.cmake:99 (include)
[0.928s]   /opt/ros/foxy/share/ament_cmake_core/cmake/core/ament_package_xml.cmake:49 (_ament_package_xml)
[0.928s]   /opt/ros/foxy/share/rosidl_cmake/cmake/rosidl_generate_interfaces.cmake:226 (ament_package_xml)
[0.928s]   CMakeLists.txt:26 (rosidl_generate_interfaces)
[0.928s] This warning is for project developers.  Use -Wno-dev to suppress it.
[0.928s] [0m
[0.928s] [33mCMake Warning (dev) at /home/jrlintern/Desktop/CNRS_AIST_Work/CNRS_AIST_Mobile_Shopping_Robot/robot_ws_ros2/build/c_pkg/ament_cmake_core/package.cmake:6:
[0.928s]   Syntax Warning in cmake code at column 45
[0.928s] 
[0.929s]   Argument not separated from preceding token by whitespace.
[0.929s] Call Stack (most recent call first):
[0.929s]   /opt/ros/foxy/share/ament_cmake_core/cmake/core/ament_package_xml.cmake:99 (include)
[0.929s]   /opt/ros/foxy/share/ament_cmake_core/cmake/core/ament_package_xml.cmake:49 (_ament_package_xml)
[0.929s]   /opt/ros/foxy/share/rosidl_cmake/cmake/rosidl_generate_interfaces.cmake:226 (ament_package_xml)
[0.929s]   CMakeLists.txt:26 (rosidl_generate_interfaces)
[0.929s] This warning is for project developers.  Use -Wno-dev to suppress it.
[0.929s] [0m
[0.929s] [33mCMake Warning (dev) at /home/jrlintern/Desktop/CNRS_AIST_Work/CNRS_AIST_Mobile_Shopping_Robot/robot_ws_ros2/build/c_pkg/ament_cmake_core/package.cmake:8:
[0.929s]   Syntax Warning in cmake code at column 51
[0.929s] 
[0.929s]   Argument not separated from preceding token by whitespace.
[0.929s] Call Stack (most recent call first):
[0.929s]   /opt/ros/foxy/share/ament_cmake_core/cmake/core/ament_package_xml.cmake:99 (include)
[0.929s]   /opt/ros/foxy/share/ament_cmake_core/cmake/core/ament_package_xml.cmake:49 (_ament_package_xml)
[0.929s]   /opt/ros/foxy/share/rosidl_cmake/cmake/rosidl_generate_interfaces.cmake:226 (ament_package_xml)
[0.930s]   CMakeLists.txt:26 (rosidl_generate_interfaces)
[0.930s] This warning is for project developers.  Use -Wno-dev to suppress it.
[0.930s] [0m
[0.930s] [33mCMake Warning (dev) at /home/jrlintern/Desktop/CNRS_AIST_Work/CNRS_AIST_Mobile_Shopping_Robot/robot_ws_ros2/build/c_pkg/ament_cmake_core/package.cmake:8:
[0.930s]   Syntax Warning in cmake code at column 62
[0.930s] 
[0.930s]   Argument not separated from preceding token by whitespace.
[0.930s] Call Stack (most recent call first):
[0.930s]   /opt/ros/foxy/share/ament_cmake_core/cmake/core/ament_package_xml.cmake:99 (include)
[0.930s]   /opt/ros/foxy/share/ament_cmake_core/cmake/core/ament_package_xml.cmake:49 (_ament_package_xml)
[0.930s]   /opt/ros/foxy/share/rosidl_cmake/cmake/rosidl_generate_interfaces.cmake:226 (ament_package_xml)
[0.930s]   CMakeLists.txt:26 (rosidl_generate_interfaces)
[0.930s] This warning is for project developers.  Use -Wno-dev to suppress it.
[0.930s] [0m
[0.931s] -- Found ament_cmake_ros: 0.9.2 (/opt/ros/foxy/share/ament_cmake_ros/cmake)
[1.031s] -- Using all available rosidl_typesupport_c: rosidl_typesupport_fastrtps_c;rosidl_typesupport_introspection_c
[1.037s] -- Using all available rosidl_typesupport_cpp: rosidl_typesupport_fastrtps_cpp;rosidl_typesupport_introspection_cpp
[1.040s] [33mCMake Warning (dev) at /opt/ros/foxy/share/rosidl_generator_py/cmake/rosidl_generator_py_generate_interfaces.cmake:20 (find_package):
[1.040s]   Policy CMP0148 is not set: The FindPythonInterp and FindPythonLibs modules
[1.040s]   are removed.  Run "cmake --help-policy CMP0148" for policy details.  Use
[1.040s]   the cmake_policy command to set the policy and suppress this warning.
[1.040s] 
[1.040s] Call Stack (most recent call first):
[1.040s]   /opt/ros/foxy/share/ament_cmake_core/cmake/core/ament_execute_extensions.cmake:48 (include)
[1.040s]   /opt/ros/foxy/share/rosidl_cmake/cmake/rosidl_generate_interfaces.cmake:286 (ament_execute_extensions)
[1.040s]   CMakeLists.txt:26 (rosidl_generate_interfaces)
[1.040s] This warning is for project developers.  Use -Wno-dev to suppress it.
[1.040s] [0m
[1.062s] -- Found PythonInterp: /usr/bin/python3 (found suitable version "3.8.10", minimum required is "3.5") 
[1.062s] -- Found python_cmake_module: 0.8.1 (/opt/ros/foxy/share/python_cmake_module/cmake)
[1.062s] [33mCMake Warning (dev) at /opt/ros/foxy/share/python_cmake_module/cmake/Modules/FindPythonExtra.cmake:45 (find_package):
[1.062s]   Policy CMP0148 is not set: The FindPythonInterp and FindPythonLibs modules
[1.063s]   are removed.  Run "cmake --help-policy CMP0148" for policy details.  Use
[1.063s]   the cmake_policy command to set the policy and suppress this warning.
[1.063s] 
[1.063s] Call Stack (most recent call first):
[1.063s]   /opt/ros/foxy/share/rosidl_generator_py/cmake/rosidl_generator_py_generate_interfaces.cmake:23 (find_package)
[1.063s]   /opt/ros/foxy/share/ament_cmake_core/cmake/core/ament_execute_extensions.cmake:48 (include)
[1.063s]   /opt/ros/foxy/share/rosidl_cmake/cmake/rosidl_generate_interfaces.cmake:286 (ament_execute_extensions)
[1.063s]   CMakeLists.txt:26 (rosidl_generate_interfaces)
[1.063s] This warning is for project developers.  Use -Wno-dev to suppress it.
[1.063s] [0m
[1.085s] [33mCMake Warning (dev) at /opt/ros/foxy/share/python_cmake_module/cmake/Modules/FindPythonExtra.cmake:133 (find_package):
[1.085s]   Policy CMP0148 is not set: The FindPythonInterp and FindPythonLibs modules
[1.085s]   are removed.  Run "cmake --help-policy CMP0148" for policy details.  Use
[1.085s]   the cmake_policy command to set the policy and suppress this warning.
[1.085s] 
[1.085s] Call Stack (most recent call first):
[1.085s]   /opt/ros/foxy/share/rosidl_generator_py/cmake/rosidl_generator_py_generate_interfaces.cmake:23 (find_package)
[1.085s]   /opt/ros/foxy/share/ament_cmake_core/cmake/core/ament_execute_extensions.cmake:48 (include)
[1.085s]   /opt/ros/foxy/share/rosidl_cmake/cmake/rosidl_generate_interfaces.cmake:286 (ament_execute_extensions)
[1.085s]   CMakeLists.txt:26 (rosidl_generate_interfaces)
[1.085s] This warning is for project developers.  Use -Wno-dev to suppress it.
[1.085s] [0m
[1.086s] -- Using PYTHON_EXECUTABLE: /usr/bin/python3
[1.086s] -- Using PYTHON_INCLUDE_DIRS: /usr/include/python3.8
[1.086s] -- Using PYTHON_LIBRARIES: /usr/lib/x86_64-linux-gnu/libpython3.8.so
[1.110s] -- Found ament_lint_auto: 0.9.8 (/opt/ros/foxy/share/ament_lint_auto/cmake)
[1.120s] -- Added test 'copyright' to check source files copyright and LICENSE
[1.121s] -- Added test 'cppcheck' to perform static code analysis on C / C++ code
[1.122s] -- Configured cppcheck include dirs: 
[1.122s] -- Configured cppcheck exclude dirs and/or files: 
[1.123s] -- Added test 'cpplint' to check C / C++ code against the Google style
[1.123s] -- Configured cpplint exclude dirs and/or files: 
[1.124s] -- Added test 'lint_cmake' to check CMake code style
[1.125s] -- Added test 'uncrustify' to check C / C++ code style
[1.125s] -- Configured uncrustify additional arguments: 
[1.126s] -- Added test 'xmllint' to check XML markup files
[1.128s] -- Configuring done (0.9s)
[1.173s] -- Generating done (0.0s)
[1.177s] -- Build files have been written to: /home/jrlintern/Desktop/CNRS_AIST_Work/CNRS_AIST_Mobile_Shopping_Robot/robot_ws_ros2/build/c_pkg
[1.199s] [  2%] Built target c_pkg__cpp
[1.200s] [ 10%] Built target c_pkg__rosidl_generator_c
[1.213s] [ 18%] Built target c_pkg__rosidl_typesupport_c
[1.214s] [ 27%] Built target c_pkg__rosidl_typesupport_fastrtps_cpp
[1.214s] [ 40%] Built target c_pkg__rosidl_typesupport_introspection_c
[1.215s] [ 43%] Built target c_pkg__rosidl_typesupport_introspection_cpp
[1.215s] [ 51%] Built target c_pkg__rosidl_typesupport_cpp
[1.227s] [ 59%] Built target c_pkg__rosidl_typesupport_fastrtps_c
[1.237s] [ 59%] Built target c_pkg
[1.248s] [ 64%] Built target c_pkg__py
[1.248s] [ 64%] [32mBuilding CXX object CMakeFiles/bot_control_driver_node.dir/src/bot_control_driver.cpp.o[0m
[1.258s] [ 67%] [32mBuilding CXX object CMakeFiles/keyboard_control_node.dir/src/keyboard_control.cpp.o[0m
[1.264s] [ 72%] Built target c_pkg__python
[1.278s] [ 83%] Built target c_pkg__rosidl_typesupport_c__pyext
[1.279s] [ 83%] Built target c_pkg__rosidl_typesupport_fastrtps_c__pyext
[1.282s] [ 89%] Built target c_pkg__rosidl_typesupport_introspection_c__pyext
[2.458s] [01m[K/home/jrlintern/Desktop/CNRS_AIST_Work/CNRS_AIST_Mobile_Shopping_Robot/robot_ws_ros2/src/c_pkg/src/bot_control_driver.cpp:23:26:[m[K [01;31m[Kerror: [m[K‘[01m[Kstd_msgs[m[K’ was not declared in this scope
[2.458s]    23 |     rclcpp::Subscription<[01;31m[Kstd_msgs[m[K::msg::String>::SharedPtr subscription_keyboard;
[2.458s]       |                          [01;31m[K^~~~~~~~[m[K
[2.458s] [01m[K/home/jrlintern/Desktop/CNRS_AIST_Work/CNRS_AIST_Mobile_Shopping_Robot/robot_ws_ros2/src/c_pkg/src/bot_control_driver.cpp:23:47:[m[K [01;31m[Kerror: [m[Ktemplate argument 1 is invalid
[2.458s]    23 |     rclcpp::Subscription<std_msgs::msg::String[01;31m[K>[m[K::SharedPtr subscription_keyboard;
[2.458s]       |                                               [01;31m[K^[m[K
[2.458s] [01m[K/home/jrlintern/Desktop/CNRS_AIST_Work/CNRS_AIST_Mobile_Shopping_Robot/robot_ws_ros2/src/c_pkg/src/bot_control_driver.cpp:23:47:[m[K [01;31m[Kerror: [m[Ktemplate argument 3 is invalid
[2.459s] [01m[K/home/jrlintern/Desktop/CNRS_AIST_Work/CNRS_AIST_Mobile_Shopping_Robot/robot_ws_ros2/src/c_pkg/src/bot_control_driver.cpp:23:50:[m[K [01;31m[Kerror: [m[Kexpected ‘[01m[K;[m[K’ at end of member declaration
[2.459s]    23 |     rclcpp::Subscription<std_msgs::msg::String>::[01;31m[KSharedPtr[m[K subscription_keyboard;
[2.459s]       |                                                  [01;31m[K^~~~~~~~~[m[K
[2.459s]       |                                                           [32m[K;[m[K
[2.462s] [01m[K/home/jrlintern/Desktop/CNRS_AIST_Work/CNRS_AIST_Mobile_Shopping_Robot/robot_ws_ros2/src/c_pkg/src/bot_control_driver.cpp:23:60:[m[K [01;31m[Kerror: [m[K‘[01m[Ksubscription_keyboard[m[K’ does not name a type
[2.462s]    23 |     rclcpp::Subscription<std_msgs::msg::String>::SharedPtr [01;31m[Ksubscription_keyboard[m[K;
[2.462s]       |                                                            [01;31m[K^~~~~~~~~~~~~~~~~~~~~[m[K
[2.468s] [01m[K/home/jrlintern/Desktop/CNRS_AIST_Work/CNRS_AIST_Mobile_Shopping_Robot/robot_ws_ros2/src/c_pkg/src/bot_control_driver.cpp:[m[K In constructor ‘[01m[KBot_control_driver::Bot_control_driver()[m[K’:
[2.468s] [01m[K/home/jrlintern/Desktop/CNRS_AIST_Work/CNRS_AIST_Mobile_Shopping_Robot/robot_ws_ros2/src/c_pkg/src/bot_control_driver.cpp:14:7:[m[K [01;31m[Kerror: [m[K‘[01m[Ksubscription_keyboard[m[K’ was not declared in this scope
[2.468s]    14 |       [01;31m[Ksubscription_keyboard[m[K= this->create_subscription<c_pkg::msg::StateVector>("keyboard_bot_command", 10, std::bind(&MBot_control_driver::topic_callback, this, _1));
[2.468s]       |       [01;31m[K^~~~~~~~~~~~~~~~~~~~~[m[K
[2.468s] [01m[K/home/jrlintern/Desktop/CNRS_AIST_Work/CNRS_AIST_Mobile_Shopping_Robot/robot_ws_ros2/src/c_pkg/src/bot_control_driver.cpp:14:120:[m[K [01;31m[Kerror: [m[K‘[01m[KMBot_control_driver[m[K’ has not been declared
[2.468s]    14 |       subscription_keyboard= this->create_subscription<c_pkg::msg::StateVector>("keyboard_bot_command", 10, std::bind(&[01;31m[KMBot_control_driver[m[K::topic_callback, this, _1));
[2.468s]       |                                                                                                                        [01;31m[K^~~~~~~~~~~~~~~~~~~[m[K
[2.471s] In file included from [01m[K/opt/ros/foxy/include/rclcpp/client.hpp:40[m[K,
[2.471s]                  from [01m[K/opt/ros/foxy/include/rclcpp/callback_group.hpp:23[m[K,
[2.471s]                  from [01m[K/opt/ros/foxy/include/rclcpp/any_executable.hpp:20[m[K,
[2.471s]                  from [01m[K/opt/ros/foxy/include/rclcpp/memory_strategy.hpp:24[m[K,
[2.471s]                  from [01m[K/opt/ros/foxy/include/rclcpp/memory_strategies.hpp:18[m[K,
[2.471s]                  from [01m[K/opt/ros/foxy/include/rclcpp/executor_options.hpp:20[m[K,
[2.471s]                  from [01m[K/opt/ros/foxy/include/rclcpp/executor.hpp:33[m[K,
[2.471s]                  from [01m[K/opt/ros/foxy/include/rclcpp/executors/multi_threaded_executor.hpp:26[m[K,
[2.471s]                  from [01m[K/opt/ros/foxy/include/rclcpp/executors.hpp:21[m[K,
[2.471s]                  from [01m[K/opt/ros/foxy/include/rclcpp/rclcpp.hpp:146[m[K,
[2.472s]                  from [01m[K/home/jrlintern/Desktop/CNRS_AIST_Work/CNRS_AIST_Mobile_Shopping_Robot/robot_ws_ros2/src/c_pkg/src/bot_control_driver.cpp:4[m[K:
[2.472s] [01m[K/home/jrlintern/Desktop/CNRS_AIST_Work/CNRS_AIST_Mobile_Shopping_Robot/robot_ws_ros2/src/c_pkg/src/bot_control_driver.cpp:[m[K In member function ‘[01m[Kvoid Bot_control_driver::topic_callback(c_pkg::msg::StateVector_<std::allocator<void> >::SharedPtr) const[m[K’:
[2.472s] [01m[K/home/jrlintern/Desktop/CNRS_AIST_Work/CNRS_AIST_Mobile_Shopping_Robot/robot_ws_ros2/src/c_pkg/src/bot_control_driver.cpp:20:61:[m[K [01;31m[Kerror: [m[K‘[01m[Kusing element_type = struct c_pkg::msg::StateVector_<std::allocator<void> >[m[K’ {aka ‘[01m[Kstruct c_pkg::msg::StateVector_<std::allocator<void> >[m[K’} has no member named ‘[01m[Kdata[m[K’
[2.472s]    20 |       RCLCPP_INFO(this->get_logger(), "I heard: '%s'", msg->[01;31m[Kdata[m[K.c_str());
[2.472s]       |                                                             [01;31m[K^~~~[m[K
[2.474s] [01m[K/home/jrlintern/Desktop/CNRS_AIST_Work/CNRS_AIST_Mobile_Shopping_Robot/robot_ws_ros2/src/c_pkg/src/bot_control_driver.cpp:[m[K In function ‘[01m[Kint main(int, char**)[m[K’:
[2.474s] [01m[K/home/jrlintern/Desktop/CNRS_AIST_Work/CNRS_AIST_Mobile_Shopping_Robot/robot_ws_ros2/src/c_pkg/src/bot_control_driver.cpp:29:33:[m[K [01;31m[Kerror: [m[K‘[01m[KMinimalSubscriber[m[K’ was not declared in this scope
[2.474s]    29 |   rclcpp::spin(std::make_shared<[01;31m[KMinimalSubscriber[m[K>());
[2.474s]       |                                 [01;31m[K^~~~~~~~~~~~~~~~~[m[K
[2.474s] [01m[K/home/jrlintern/Desktop/CNRS_AIST_Work/CNRS_AIST_Mobile_Shopping_Robot/robot_ws_ros2/src/c_pkg/src/bot_control_driver.cpp:29:52:[m[K [01;31m[Kerror: [m[Kno matching function for call to ‘[01m[Kmake_shared<<expression error> >()[m[K’
[2.474s]    29 |   rclcpp::spin(std::make_shared<MinimalSubscriber>([01;31m[K)[m[K);
[2.474s]       |                                                    [01;31m[K^[m[K
[2.474s] In file included from [01m[K/usr/include/c++/9/memory:81[m[K,
[2.474s]                  from [01m[K/home/jrlintern/Desktop/CNRS_AIST_Work/CNRS_AIST_Mobile_Shopping_Robot/robot_ws_ros2/src/c_pkg/src/bot_control_driver.cpp:2[m[K:
[2.474s] [01m[K/usr/include/c++/9/bits/shared_ptr.h:714:5:[m[K [01;36m[Knote: [m[Kcandidate: ‘[01m[Ktemplate<class _Tp, class ... _Args> std::shared_ptr<_Tp> std::make_shared(_Args&& ...)[m[K’
[2.474s]   714 |     [01;36m[Kmake_shared[m[K(_Args&&... __args)
[2.474s]       |     [01;36m[K^~~~~~~~~~~[m[K
[2.474s] [01m[K/usr/include/c++/9/bits/shared_ptr.h:714:5:[m[K [01;36m[Knote: [m[K  template argument deduction/substitution failed:
[2.474s] [01m[K/home/jrlintern/Desktop/CNRS_AIST_Work/CNRS_AIST_Mobile_Shopping_Robot/robot_ws_ros2/src/c_pkg/src/bot_control_driver.cpp:29:52:[m[K [01;31m[Kerror: [m[Ktemplate argument 1 is invalid
[2.474s]    29 |   rclcpp::spin(std::make_shared<MinimalSubscriber>([01;31m[K)[m[K);
[2.474s]       |                                                    [01;31m[K^[m[K
[2.487s] In file included from [01m[K/home/jrlintern/Desktop/CNRS_AIST_Work/CNRS_AIST_Mobile_Shopping_Robot/robot_ws_ros2/src/c_pkg/src/keyboard_control.cpp:13[m[K:
[2.487s] [01m[K/home/jrlintern/Desktop/CNRS_AIST_Work/CNRS_AIST_Mobile_Shopping_Robot/robot_ws_ros2/src/c_pkg/src/conio.h:[m[K In member function ‘[01m[Kint __CONIO_H::getch()[m[K’:
[2.487s] [01m[K/home/jrlintern/Desktop/CNRS_AIST_Work/CNRS_AIST_Mobile_Shopping_Robot/robot_ws_ros2/src/c_pkg/src/conio.h:240:7:[m[K [01;35m[Kwarning: [m[Kno return statement in function returning non-void [[01;35m[K-Wreturn-type[m[K]
[2.488s]   240 |       [01;35m[K}[m[K
[2.488s]       |       [01;35m[K^[m[K
[2.488s] [01m[K/home/jrlintern/Desktop/CNRS_AIST_Work/CNRS_AIST_Mobile_Shopping_Robot/robot_ws_ros2/src/c_pkg/src/conio.h:[m[K In member function ‘[01m[Kint __CONIO_H::getche()[m[K’:
[2.488s] [01m[K/home/jrlintern/Desktop/CNRS_AIST_Work/CNRS_AIST_Mobile_Shopping_Robot/robot_ws_ros2/src/c_pkg/src/conio.h:244:7:[m[K [01;35m[Kwarning: [m[Kno return statement in function returning non-void [[01;35m[K-Wreturn-type[m[K]
[2.488s]   244 |       [01;35m[K}[m[K
[2.488s]       |       [01;35m[K^[m[K
[2.488s] [01m[K/home/jrlintern/Desktop/CNRS_AIST_Work/CNRS_AIST_Mobile_Shopping_Robot/robot_ws_ros2/src/c_pkg/src/conio.h:[m[K In member function ‘[01m[Kint __CONIO_H::cputs(const char*)[m[K’:
[2.488s] [01m[K/home/jrlintern/Desktop/CNRS_AIST_Work/CNRS_AIST_Mobile_Shopping_Robot/robot_ws_ros2/src/c_pkg/src/conio.h:299:17:[m[K [01;35m[Kwarning: [m[Kformat not a string literal and no format arguments [[01;35m[K-Wformat-security[m[K]
[2.489s]   299 |       printf(str[01;35m[K)[m[K;
[2.489s]       |                 [01;35m[K^[m[K
[2.489s] [01m[K/home/jrlintern/Desktop/CNRS_AIST_Work/CNRS_AIST_Mobile_Shopping_Robot/robot_ws_ros2/src/c_pkg/src/conio.h:[m[K In member function ‘[01m[Kchar* __CONIO_H::getpass(const char*)[m[K’:
[2.489s] [01m[K/home/jrlintern/Desktop/CNRS_AIST_Work/CNRS_AIST_Mobile_Shopping_Robot/robot_ws_ros2/src/c_pkg/src/conio.h:305:7:[m[K [01;35m[Kwarning: [m[Kno return statement in function returning non-void [[01;35m[K-Wreturn-type[m[K]
[2.489s]   305 |       [01;35m[K}[m[K
[2.489s]       |       [01;35m[K^[m[K
[2.489s] [01m[K/home/jrlintern/Desktop/CNRS_AIST_Work/CNRS_AIST_Mobile_Shopping_Robot/robot_ws_ros2/src/c_pkg/src/conio.h:303:29:[m[K [01;35m[Kwarning: [m[Kunused parameter ‘[01m[Kprompt[m[K’ [[01;35m[K-Wunused-parameter[m[K]
[2.489s]   303 |     char*getpass([01;35m[Kconst char*prompt[m[K){
[2.489s]       |                  [01;35m[K~~~~~~~~~~~^~~~~~[m[K
[2.489s] [01m[K/home/jrlintern/Desktop/CNRS_AIST_Work/CNRS_AIST_Mobile_Shopping_Robot/robot_ws_ros2/src/c_pkg/src/conio.h:[m[K In member function ‘[01m[Kint __CONIO_H::gettext(int, int, int, int, void*)[m[K’:
[2.490s] [01m[K/home/jrlintern/Desktop/CNRS_AIST_Work/CNRS_AIST_Mobile_Shopping_Robot/robot_ws_ros2/src/c_pkg/src/conio.h:309:7:[m[K [01;35m[Kwarning: [m[Kno return statement in function returning non-void [[01;35m[K-Wreturn-type[m[K]
[2.490s]   309 |       [01;35m[K}[m[K
[2.490s]       |       [01;35m[K^[m[K
[2.490s] [01m[K/home/jrlintern/Desktop/CNRS_AIST_Work/CNRS_AIST_Mobile_Shopping_Robot/robot_ws_ros2/src/c_pkg/src/conio.h:307:21:[m[K [01;35m[Kwarning: [m[Kunused parameter ‘[01m[Kl[m[K’ [[01;35m[K-Wunused-parameter[m[K]
[2.490s]   307 |     int gettext([01;35m[Kint l[m[K,int t,int r,int b,void*destination){
[2.490s]       |                 [01;35m[K~~~~^[m[K
[2.490s] [01m[K/home/jrlintern/Desktop/CNRS_AIST_Work/CNRS_AIST_Mobile_Shopping_Robot/robot_ws_ros2/src/c_pkg/src/conio.h:307:27:[m[K [01;35m[Kwarning: [m[Kunused parameter ‘[01m[Kt[m[K’ [[01;35m[K-Wunused-parameter[m[K]
[2.490s]   307 |     int gettext(int l,[01;35m[Kint t[m[K,int r,int b,void*destination){
[2.490s]       |                       [01;35m[K~~~~^[m[K
[2.491s] [01m[K/home/jrlintern/Desktop/CNRS_AIST_Work/CNRS_AIST_Mobile_Shopping_Robot/robot_ws_ros2/src/c_pkg/src/conio.h:307:33:[m[K [01;35m[Kwarning: [m[Kunused parameter ‘[01m[Kr[m[K’ [[01;35m[K-Wunused-parameter[m[K]
[2.491s]   307 |     int gettext(int l,int t,[01;35m[Kint r[m[K,int b,void*destination){
[2.491s]       |                             [01;35m[K~~~~^[m[K
[2.491s] [01m[K/home/jrlintern/Desktop/CNRS_AIST_Work/CNRS_AIST_Mobile_Shopping_Robot/robot_ws_ros2/src/c_pkg/src/conio.h:307:39:[m[K [01;35m[Kwarning: [m[Kunused parameter ‘[01m[Kb[m[K’ [[01;35m[K-Wunused-parameter[m[K]
[2.491s]   307 |     int gettext(int l,int t,int r,[01;35m[Kint b[m[K,void*destination){
[2.491s]       |                                   [01;35m[K~~~~^[m[K
[2.491s] [01m[K/home/jrlintern/Desktop/CNRS_AIST_Work/CNRS_AIST_Mobile_Shopping_Robot/robot_ws_ros2/src/c_pkg/src/conio.h:307:46:[m[K [01;35m[Kwarning: [m[Kunused parameter ‘[01m[Kdestination[m[K’ [[01;35m[K-Wunused-parameter[m[K]
[2.491s]   307 |     int gettext(int l,int t,int r,int b,[01;35m[Kvoid*destination[m[K){
[2.491s]       |                                         [01;35m[K~~~~~^~~~~~~~~~~[m[K
[2.491s] [01m[K/home/jrlintern/Desktop/CNRS_AIST_Work/CNRS_AIST_Mobile_Shopping_Robot/robot_ws_ros2/src/c_pkg/src/keyboard_control.cpp:[m[K In function ‘[01m[Kvoid flush_input_buffer()[m[K’:
[2.492s] [01m[K/home/jrlintern/Desktop/CNRS_AIST_Work/CNRS_AIST_Mobile_Shopping_Robot/robot_ws_ros2/src/c_pkg/src/keyboard_control.cpp:37:14:[m[K [01;35m[Kwarning: [m[Kunused variable ‘[01m[Kc[m[K’ [[01;35m[K-Wunused-variable[m[K]
[2.492s]    37 |         char [01;35m[Kc[m[K = _getche();
[2.492s]       |              [01;35m[K^[m[K
[2.820s] make[2]: *** [CMakeFiles/bot_control_driver_node.dir/build.make:76: CMakeFiles/bot_control_driver_node.dir/src/bot_control_driver.cpp.o] Error 1
[2.820s] make[1]: *** [CMakeFiles/Makefile2:574: CMakeFiles/bot_control_driver_node.dir/all] Error 2
[2.820s] make[1]: *** Waiting for unfinished jobs....
[4.065s] [ 91%] [32m[1mLinking CXX executable keyboard_control_node[0m
[4.220s] [ 97%] Built target keyboard_control_node
[4.221s] make: *** [Makefile:146: all] Error 2
[4.222s] Invoked command in '/home/jrlintern/Desktop/CNRS_AIST_Work/CNRS_AIST_Mobile_Shopping_Robot/robot_ws_ros2/build/c_pkg' returned '2': CMAKE_PREFIX_PATH=${CMAKE_PREFIX_PATH}:/opt/ros/foxy /usr/bin/cmake --build /home/jrlintern/Desktop/CNRS_AIST_Work/CNRS_AIST_Mobile_Shopping_Robot/robot_ws_ros2/build/c_pkg -- -j8 -l8
