[ 10%] [32mBuilding CXX object CMakeFiles/laserscan_to_pointcloud_node.dir/rclcpp_components/node_main_laserscan_to_pointcloud_node.cpp.o[0m
[ 30%] [32mBuilding CXX object CMakeFiles/laserscan_to_pointcloud.dir/src/laserscan_to_pointcloud_node.cpp.o[0m
[ 30%] [32mBuilding CXX object CMakeFiles/dummy_pointcloud_publisher.dir/src/dummy_pointcloud_publisher.cpp.o[0m
[ 40%] [32mBuilding CXX object CMakeFiles/pointcloud_to_laserscan.dir/src/pointcloud_to_laserscan_node.cpp.o[0m
[ 50%] [32mBuilding CXX object CMakeFiles/pointcloud_to_laserscan_node.dir/rclcpp_components/node_main_pointcloud_to_laserscan_node.cpp.o[0m
[01m[K/home/jrlintern/Desktop/CNRS_AIST_Work/CNRS_AIST_Mobile_Shopping_Robot/robot_ws_ros2/src/pointcloud_to_laserscan/src/pointcloud_to_laserscan_node.cpp:52:10:[m[K [01;31m[Kfatal error: [m[Ktf2_sensor_msgs/tf2_sensor_msgs.hpp: No such file or directory
   52 | #include [01;31m[K"tf2_sensor_msgs/tf2_sensor_msgs.hpp"[m[K
      |          [01;31m[K^~~~~~~~~~~~~~~~~~~~~~~~~~~~~~~~~~~~~[m[K
compilation terminated.
make[2]: *** [CMakeFiles/pointcloud_to_laserscan.dir/build.make:76: CMakeFiles/pointcloud_to_laserscan.dir/src/pointcloud_to_laserscan_node.cpp.o] Error 1
make[1]: *** [CMakeFiles/Makefile2:197: CMakeFiles/pointcloud_to_laserscan.dir/all] Error 2
make[1]: *** Waiting for unfinished jobs....
[01m[K/home/jrlintern/Desktop/CNRS_AIST_Work/CNRS_AIST_Mobile_Shopping_Robot/robot_ws_ros2/src/pointcloud_to_laserscan/src/laserscan_to_pointcloud_node.cpp:52:10:[m[K [01;31m[Kfatal error: [m[Ktf2_sensor_msgs/tf2_sensor_msgs.hpp: No such file or directory
   52 | #include [01;31m[K"tf2_sensor_msgs/tf2_sensor_msgs.hpp"[m[K
      |          [01;31m[K^~~~~~~~~~~~~~~~~~~~~~~~~~~~~~~~~~~~~[m[K
compilation terminated.
make[2]: *** [CMakeFiles/laserscan_to_pointcloud.dir/build.make:76: CMakeFiles/laserscan_to_pointcloud.dir/src/laserscan_to_pointcloud_node.cpp.o] Error 1
make[1]: *** [CMakeFiles/Makefile2:145: CMakeFiles/laserscan_to_pointcloud.dir/all] Error 2
[ 60%] [32m[1mLinking CXX executable pointcloud_to_laserscan_node[0m
[ 70%] [32m[1mLinking CXX executable laserscan_to_pointcloud_node[0m
[ 70%] Built target pointcloud_to_laserscan_node
[ 70%] Built target laserscan_to_pointcloud_node
[ 80%] [32m[1mLinking CXX executable dummy_pointcloud_publisher[0m
[ 80%] Built target dummy_pointcloud_publisher
make: *** [Makefile:146: all] Error 2
