[  7%] Built target c_pkg__cpp
[ 10%] Built target c_pkg__rosidl_generator_c
[ 17%] Built target c_pkg__rosidl_typesupport_introspection_c
[ 25%] Built target c_pkg__rosidl_typesupport_cpp
[ 32%] Built target c_pkg__rosidl_typesupport_c
[ 40%] Built target c_pkg__rosidl_typesupport_fastrtps_cpp
[ 47%] Built target c_pkg__rosidl_typesupport_introspection_cpp
[ 55%] Built target c_pkg__rosidl_typesupport_fastrtps_c
[ 55%] Built target c_pkg
[ 57%] Built target c_pkg__py
[ 67%] Built target keyboard_control_node
[ 70%] [32mBuilding CXX object CMakeFiles/bot_control_driver_node.dir/src/bot_control_driver.cpp.o[0m
[ 75%] Built target c_pkg__python
[ 87%] Built target c_pkg__rosidl_typesupport_c__pyext
[ 87%] Built target c_pkg__rosidl_typesupport_fastrtps_c__pyext
[ 90%] Built target c_pkg__rosidl_typesupport_introspection_c__pyext
[01m[K/home/jrlintern/Desktop/CNRS_AIST_Work/CNRS_AIST_Mobile_Shopping_Robot/robot_ws_ros2/src/c_pkg/src/bot_control_driver.cpp:[m[K In member function â€˜[01m[Kvoid Bot_control_driver::topic_callback_keyboard(c_pkg::msg::StateVector_<std::allocator<void> >::SharedPtr)[m[Kâ€™:
[01m[K/home/jrlintern/Desktop/CNRS_AIST_Work/CNRS_AIST_Mobile_Shopping_Robot/robot_ws_ros2/src/c_pkg/src/bot_control_driver.cpp:32:53:[m[K [01;31m[Kerror: [m[Kexpected primary-expression before â€˜[01m[K>[m[Kâ€™ token
   32 |         if(msg->vx != this->keyboard_vx || msg->vy <[01;31m[K>[m[K this->keyboard_vy || msg->w <> this->keyboard_w)
      |                                                     [01;31m[K^[m[K
[01m[K/home/jrlintern/Desktop/CNRS_AIST_Work/CNRS_AIST_Mobile_Shopping_Robot/robot_ws_ros2/src/c_pkg/src/bot_control_driver.cpp:32:84:[m[K [01;31m[Kerror: [m[Kexpected primary-expression before â€˜[01m[K>[m[Kâ€™ token
   32 |         if(msg->vx != this->keyboard_vx || msg->vy <> this->keyboard_vy || msg->w <[01;31m[K>[m[K this->keyboard_w)
      |                                                                                    [01;31m[K^[m[K
make[2]: *** [CMakeFiles/bot_control_driver_node.dir/build.make:76: CMakeFiles/bot_control_driver_node.dir/src/bot_control_driver.cpp.o] Error 1
make[1]: *** [CMakeFiles/Makefile2:574: CMakeFiles/bot_control_driver_node.dir/all] Error 2
make: *** [Makefile:146: all] Error 2
