[0.264s] Invoking command in '/home/jrlintern/Desktop/CNRS_AIST_Work/CNRS_AIST_Mobile_Shopping_Robot/robot_ws_ros2/build/ros2_laser_scan_merger': CMAKE_PREFIX_PATH=${CMAKE_PREFIX_PATH}:/opt/ros/foxy /usr/bin/cmake /home/jrlintern/Desktop/CNRS_AIST_Work/CNRS_AIST_Mobile_Shopping_Robot/robot_ws_ros2/src/ros2_laser_scan_merger -DCMAKE_INSTALL_PREFIX=/home/jrlintern/Desktop/CNRS_AIST_Work/CNRS_AIST_Mobile_Shopping_Robot/robot_ws_ros2/install/ros2_laser_scan_merger
[0.339s] -- The C compiler identification is GNU 9.4.0
[0.427s] -- The CXX compiler identification is GNU 9.4.0
[0.451s] -- Detecting C compiler ABI info
[0.529s] -- Detecting C compiler ABI info - done
[0.545s] -- Check for working C compiler: /usr/bin/cc - skipped
[0.545s] -- Detecting C compile features
[0.546s] -- Detecting C compile features - done
[0.562s] -- Detecting CXX compiler ABI info
[0.645s] -- Detecting CXX compiler ABI info - done
[0.657s] -- Check for working CXX compiler: /usr/bin/c++ - skipped
[0.659s] -- Detecting CXX compile features
[0.660s] -- Detecting CXX compile features - done
[0.662s] -- Found ament_cmake: 0.9.12 (/opt/ros/foxy/share/ament_cmake/cmake)
[0.667s] [33mCMake Warning (dev) at /opt/ros/foxy/share/ament_cmake_core/cmake/core/python.cmake:22 (find_package):
[0.669s]   Policy CMP0148 is not set: The FindPythonInterp and FindPythonLibs modules
[0.669s]   are removed.  Run "cmake --help-policy CMP0148" for policy details.  Use
[0.670s]   the cmake_policy command to set the policy and suppress this warning.
[0.671s] 
[0.672s] Call Stack (most recent call first):
[0.672s]   /opt/ros/foxy/share/ament_cmake_core/cmake/core/all.cmake:53 (include)
[0.673s]   /opt/ros/foxy/share/ament_cmake_core/cmake/ament_cmake_core-extras.cmake:17 (include)
[0.673s]   /opt/ros/foxy/share/ament_cmake_core/cmake/ament_cmake_coreConfig.cmake:41 (include)
[0.674s]   /opt/ros/foxy/share/ament_cmake/cmake/ament_cmake_export_dependencies-extras.cmake:15 (find_package)
[0.674s]   /opt/ros/foxy/share/ament_cmake/cmake/ament_cmakeConfig.cmake:41 (include)
[0.675s]   CMakeLists.txt:19 (find_package)
[0.675s] This warning is for project developers.  Use -Wno-dev to suppress it.
[0.675s] [0m
[0.691s] -- Found PythonInterp: /usr/bin/python3 (found suitable version "3.8.10", minimum required is "3") 
[0.693s] -- Using PYTHON_EXECUTABLE: /usr/bin/python3
[0.923s] -- Found rclcpp: 2.4.3 (/opt/ros/foxy/share/rclcpp/cmake)
[0.987s] -- Using all available rosidl_typesupport_c: rosidl_typesupport_fastrtps_c;rosidl_typesupport_introspection_c
[0.996s] -- Found rosidl_adapter: 1.3.1 (/opt/ros/foxy/share/rosidl_adapter/cmake)
[1.099s] -- Found OpenSSL: /usr/lib/x86_64-linux-gnu/libcrypto.so (found version "1.1.1f")  
[1.140s] -- Found FastRTPS: /opt/ros/foxy/include  
[1.247s] -- Using all available rosidl_typesupport_cpp: rosidl_typesupport_fastrtps_cpp;rosidl_typesupport_introspection_cpp
[1.314s] -- Found rmw_implementation_cmake: 1.0.4 (/opt/ros/foxy/share/rmw_implementation_cmake/cmake)
[1.315s] -- Using RMW implementation 'rmw_fastrtps_cpp' as default
[1.319s] -- Performing Test CMAKE_HAVE_LIBC_PTHREAD
[1.388s] -- Performing Test CMAKE_HAVE_LIBC_PTHREAD - Failed
[1.389s] -- Looking for pthread_create in pthreads
[1.441s] -- Looking for pthread_create in pthreads - not found
[1.441s] -- Looking for pthread_create in pthread
[1.508s] -- Looking for pthread_create in pthread - found
[1.509s] -- Found Threads: TRUE  
[1.676s] -- Found sensor_msgs: 2.0.5 (/opt/ros/foxy/share/sensor_msgs/cmake)
[1.795s] -- Found pcl_conversions: 2.2.1 (/opt/ros/foxy/share/pcl_conversions/cmake)
[1.970s] -- Found tf2_geometry_msgs: 0.13.14 (/opt/ros/foxy/share/tf2_geometry_msgs/cmake)
[1.980s] -- Found eigen3_cmake_module: 0.1.1 (/opt/ros/foxy/share/eigen3_cmake_module/cmake)
[1.985s] -- Found Eigen3: TRUE (found version "3.3.7") 
[2.398s] -- Found Boost: /usr/lib/x86_64-linux-gnu/cmake/Boost-1.71.0/BoostConfig.cmake (found version "1.71.0") found components: system 
[2.408s] [33mCMake Warning (dev) at /usr/lib/x86_64-linux-gnu/cmake/pcl/PCLConfig.cmake:152 (find_package):
[2.408s]   Policy CMP0144 is not set: find_package uses upper-case <PACKAGENAME>_ROOT
[2.408s]   variables.  Run "cmake --help-policy CMP0144" for policy details.  Use the
[2.408s]   cmake_policy command to set the policy and suppress this warning.
[2.408s] 
[2.408s]   CMake variable EIGEN_ROOT is set to:
[2.408s] 
[2.408s]     /usr/include/eigen3
[2.408s] 
[2.409s]   For compatibility, find_package is ignoring the variable, but code in a
[2.409s]   .cmake module might still use it.
[2.409s] Call Stack (most recent call first):
[2.409s]   /usr/lib/x86_64-linux-gnu/cmake/pcl/PCLConfig.cmake:316 (find_eigen)
[2.409s]   /usr/lib/x86_64-linux-gnu/cmake/pcl/PCLConfig.cmake:551 (find_external_library)
[2.409s]   CMakeLists.txt:29 (find_package)
[2.409s] This warning is for project developers.  Use -Wno-dev to suppress it.
[2.409s] [0m
[2.412s] -- Checking for module 'eigen3'
[2.428s] --   Found eigen3, version 3.3.7
[2.470s] -- Found Eigen: /usr/include/eigen3 (Required is at least version "3.1") 
[2.470s] -- Eigen found (include: /usr/include/eigen3, version: 3.3.7)
[2.511s] -- Found Boost: /usr/include (found suitable version "1.71.0", minimum required is "1.55.0") found components: system filesystem date_time iostreams regex 
[2.514s] [33mCMake Warning (dev) at /usr/lib/x86_64-linux-gnu/cmake/pcl/Modules/FindFLANN.cmake:44 (find_package):
[2.514s]   Policy CMP0144 is not set: find_package uses upper-case <PACKAGENAME>_ROOT
[2.514s]   variables.  Run "cmake --help-policy CMP0144" for policy details.  Use the
[2.515s]   cmake_policy command to set the policy and suppress this warning.
[2.515s] 
[2.515s]   CMake variable FLANN_ROOT is set to:
[2.515s] 
[2.515s]     /usr
[2.515s] 
[2.515s]   For compatibility, find_package is ignoring the variable, but code in a
[2.515s]   .cmake module might still use it.
[2.515s] Call Stack (most recent call first):
[2.515s]   /usr/lib/x86_64-linux-gnu/cmake/pcl/PCLConfig.cmake:263 (find_package)
[2.515s]   /usr/lib/x86_64-linux-gnu/cmake/pcl/PCLConfig.cmake:318 (find_flann)
[2.515s]   /usr/lib/x86_64-linux-gnu/cmake/pcl/PCLConfig.cmake:551 (find_external_library)
[2.515s]   CMakeLists.txt:29 (find_package)
[2.515s] This warning is for project developers.  Use -Wno-dev to suppress it.
[2.515s] [0m
[2.531s] -- Checking for module 'flann'
[2.548s] --   Found flann, version 1.9.1
[2.595s] -- Found FLANN: /usr/lib/x86_64-linux-gnu/libflann_cpp.so  
[2.637s] -- The imported target "vtkParseOGLExt" references the file
[2.638s]    "/usr/bin/vtkParseOGLExt-7.1"
[2.638s] but this file does not exist.  Possible reasons include:
[2.638s] * The file was deleted, renamed, or moved to another location.
[2.638s] * An install or uninstall procedure did not complete successfully.
[2.638s] * The installation package was faulty and contained
[2.638s]    "/usr/lib/cmake/vtk-7.1/VTKTargets.cmake"
[2.638s] but not all the files it references.
[2.638s] 
[2.639s] -- The imported target "vtkRenderingPythonTkWidgets" references the file
[2.639s]    "/usr/lib/x86_64-linux-gnu/libvtkRenderingPythonTkWidgets.so"
[2.639s] but this file does not exist.  Possible reasons include:
[2.639s] * The file was deleted, renamed, or moved to another location.
[2.639s] * An install or uninstall procedure did not complete successfully.
[2.639s] * The installation package was faulty and contained
[2.639s]    "/usr/lib/cmake/vtk-7.1/VTKTargets.cmake"
[2.639s] but not all the files it references.
[2.639s] 
[2.639s] -- The imported target "vtk" references the file
[2.639s]    "/usr/bin/vtk"
[2.639s] but this file does not exist.  Possible reasons include:
[2.639s] * The file was deleted, renamed, or moved to another location.
[2.639s] * An install or uninstall procedure did not complete successfully.
[2.639s] * The installation package was faulty and contained
[2.639s]    "/usr/lib/cmake/vtk-7.1/VTKTargets.cmake"
[2.640s] but not all the files it references.
[2.640s] 
[2.640s] -- The imported target "pvtk" references the file
[2.640s]    "/usr/bin/pvtk"
[2.640s] but this file does not exist.  Possible reasons include:
[2.640s] * The file was deleted, renamed, or moved to another location.
[2.640s] * An install or uninstall procedure did not complete successfully.
[2.640s] * The installation package was faulty and contained
[2.640s]    "/usr/lib/cmake/vtk-7.1/VTKTargets.cmake"
[2.640s] but not all the files it references.
[2.640s] 
[2.664s] -- Checking for module 'libusb-1.0'
[2.682s] --   Found libusb-1.0, version 1.0.23
[2.726s] [33mCMake Warning (dev) at /usr/share/cmake-3.27/Modules/FindPackageHandleStandardArgs.cmake:438 (message):
[2.726s]   The package name passed to `find_package_handle_standard_args` (USB_10)
[2.726s]   does not match the name of the calling package (OpenNI).  This can lead to
[2.726s]   problems in calling code that expects `find_package` result variables
[2.726s]   (e.g., `_FOUND`) to follow a certain pattern.
[2.726s] Call Stack (most recent call first):
[2.726s]   /usr/lib/x86_64-linux-gnu/cmake/pcl/Modules/FindOpenNI.cmake:28 (find_package_handle_standard_args)
[2.726s]   /usr/lib/x86_64-linux-gnu/cmake/pcl/PCLConfig.cmake:179 (find_package)
[2.726s]   /usr/lib/x86_64-linux-gnu/cmake/pcl/PCLConfig.cmake:322 (find_openni)
[2.727s]   /usr/lib/x86_64-linux-gnu/cmake/pcl/PCLConfig.cmake:548 (find_external_library)
[2.727s]   CMakeLists.txt:29 (find_package)
[2.727s] This warning is for project developers.  Use -Wno-dev to suppress it.
[2.727s] [0m
[2.727s] -- Found USB_10: /usr/lib/x86_64-linux-gnu/libusb-1.0.so  
[2.788s] -- Found OpenNI: /usr/lib/libOpenNI.so  
[2.788s] -- OpenNI found (include: /usr/include/ni, lib: /usr/lib/libOpenNI.so)
[2.794s] [33mCMake Warning (dev) at /usr/share/cmake-3.27/Modules/FindPackageHandleStandardArgs.cmake:438 (message):
[2.794s]   The package name passed to `find_package_handle_standard_args` (USB_10)
[2.794s]   does not match the name of the calling package (OpenNI2).  This can lead to
[2.795s]   problems in calling code that expects `find_package` result variables
[2.795s]   (e.g., `_FOUND`) to follow a certain pattern.
[2.795s] Call Stack (most recent call first):
[2.795s]   /usr/lib/x86_64-linux-gnu/cmake/pcl/Modules/FindOpenNI2.cmake:28 (find_package_handle_standard_args)
[2.795s]   /usr/lib/x86_64-linux-gnu/cmake/pcl/PCLConfig.cmake:193 (find_package)
[2.795s]   /usr/lib/x86_64-linux-gnu/cmake/pcl/PCLConfig.cmake:324 (find_openni2)
[2.795s]   /usr/lib/x86_64-linux-gnu/cmake/pcl/PCLConfig.cmake:548 (find_external_library)
[2.795s]   CMakeLists.txt:29 (find_package)
[2.796s] This warning is for project developers.  Use -Wno-dev to suppress it.
[2.796s] [0m
[2.856s] -- Found OpenNI2: /usr/lib/libOpenNI2.so  
[2.856s] -- OpenNI2 found (include: /usr/include/openni2, lib: /usr/lib/libOpenNI2.so)
[2.857s] [0m** WARNING ** io features related to pcap will be disabled[0m
[2.857s] [0m** WARNING ** io features related to png will be disabled[0m
[2.869s] [33mCMake Warning (dev) at /usr/share/cmake-3.27/Modules/FindPackageHandleStandardArgs.cmake:438 (message):
[2.869s]   The package name passed to `find_package_handle_standard_args` (libusb-1.0)
[2.869s]   does not match the name of the calling package (PCL).  This can lead to
[2.870s]   problems in calling code that expects `find_package` result variables
[2.870s]   (e.g., `_FOUND`) to follow a certain pattern.
[2.870s] Call Stack (most recent call first):
[2.870s]   /usr/lib/x86_64-linux-gnu/cmake/pcl/PCLConfig.cmake:291 (find_package_handle_standard_args)
[2.870s]   /usr/lib/x86_64-linux-gnu/cmake/pcl/PCLConfig.cmake:338 (find_libusb)
[2.870s]   /usr/lib/x86_64-linux-gnu/cmake/pcl/PCLConfig.cmake:548 (find_external_library)
[2.870s]   CMakeLists.txt:29 (find_package)
[2.870s] This warning is for project developers.  Use -Wno-dev to suppress it.
[2.870s] [0m
[2.871s] -- Found libusb-1.0: /usr/include  
[2.871s] [0m** WARNING ** io features related to libusb-1.0 will be disabled[0m
[2.877s] [33mCMake Warning (dev) at /usr/share/cmake-3.27/Modules/FindPackageHandleStandardArgs.cmake:438 (message):
[2.877s]   The package name passed to `find_package_handle_standard_args` (USB_10)
[2.877s]   does not match the name of the calling package (OpenNI).  This can lead to
[2.877s]   problems in calling code that expects `find_package` result variables
[2.877s]   (e.g., `_FOUND`) to follow a certain pattern.
[2.878s] Call Stack (most recent call first):
[2.878s]   /usr/lib/x86_64-linux-gnu/cmake/pcl/Modules/FindOpenNI.cmake:28 (find_package_handle_standard_args)
[2.878s]   /usr/lib/x86_64-linux-gnu/cmake/pcl/PCLConfig.cmake:179 (find_package)
[2.878s]   /usr/lib/x86_64-linux-gnu/cmake/pcl/PCLConfig.cmake:322 (find_openni)
[2.878s]   /usr/lib/x86_64-linux-gnu/cmake/pcl/PCLConfig.cmake:548 (find_external_library)
[2.878s]   CMakeLists.txt:29 (find_package)
[2.879s] This warning is for project developers.  Use -Wno-dev to suppress it.
[2.879s] [0m
[2.879s] -- OpenNI found (include: /usr/include/ni, lib: /usr/lib/libOpenNI.so)
[2.885s] [33mCMake Warning (dev) at /usr/share/cmake-3.27/Modules/FindPackageHandleStandardArgs.cmake:438 (message):
[2.885s]   The package name passed to `find_package_handle_standard_args` (USB_10)
[2.885s]   does not match the name of the calling package (OpenNI2).  This can lead to
[2.885s]   problems in calling code that expects `find_package` result variables
[2.885s]   (e.g., `_FOUND`) to follow a certain pattern.
[2.885s] Call Stack (most recent call first):
[2.886s]   /usr/lib/x86_64-linux-gnu/cmake/pcl/Modules/FindOpenNI2.cmake:28 (find_package_handle_standard_args)
[2.886s]   /usr/lib/x86_64-linux-gnu/cmake/pcl/PCLConfig.cmake:193 (find_package)
[2.886s]   /usr/lib/x86_64-linux-gnu/cmake/pcl/PCLConfig.cmake:324 (find_openni2)
[2.886s]   /usr/lib/x86_64-linux-gnu/cmake/pcl/PCLConfig.cmake:548 (find_external_library)
[2.886s]   CMakeLists.txt:29 (find_package)
[2.886s] This warning is for project developers.  Use -Wno-dev to suppress it.
[2.886s] [0m
[2.887s] -- OpenNI2 found (include: /usr/include/openni2, lib: /usr/lib/libOpenNI2.so)
[2.897s] [33mCMake Warning (dev) at /usr/lib/x86_64-linux-gnu/cmake/pcl/PCLConfig.cmake:165 (find_package):
[2.897s]   Policy CMP0144 is not set: find_package uses upper-case <PACKAGENAME>_ROOT
[2.897s]   variables.  Run "cmake --help-policy CMP0144" for policy details.  Use the
[2.897s]   cmake_policy command to set the policy and suppress this warning.
[2.897s] 
[2.897s]   CMake variable QHULL_ROOT is set to:
[2.897s] 
[2.897s]     /usr
[2.897s] 
[2.898s]   For compatibility, find_package is ignoring the variable, but code in a
[2.898s]   .cmake module might still use it.
[2.898s] Call Stack (most recent call first):
[2.898s]   /usr/lib/x86_64-linux-gnu/cmake/pcl/PCLConfig.cmake:320 (find_qhull)
[2.898s]   /usr/lib/x86_64-linux-gnu/cmake/pcl/PCLConfig.cmake:548 (find_external_library)
[2.898s]   CMakeLists.txt:29 (find_package)
[2.898s] This warning is for project developers.  Use -Wno-dev to suppress it.
[2.898s] [0m
[2.919s] -- Found Qhull: optimized;/usr/lib/x86_64-linux-gnu/libqhull.so;debug;/usr/lib/x86_64-linux-gnu/libqhull.so  
[2.919s] -- QHULL found (include: /usr/include, lib: optimized;/usr/lib/x86_64-linux-gnu/libqhull.so;debug;/usr/lib/x86_64-linux-gnu/libqhull.so)
[2.925s] [33mCMake Warning (dev) at /usr/share/cmake-3.27/Modules/FindPackageHandleStandardArgs.cmake:438 (message):
[2.925s]   The package name passed to `find_package_handle_standard_args` (USB_10)
[2.925s]   does not match the name of the calling package (OpenNI).  This can lead to
[2.925s]   problems in calling code that expects `find_package` result variables
[2.925s]   (e.g., `_FOUND`) to follow a certain pattern.
[2.925s] Call Stack (most recent call first):
[2.925s]   /usr/lib/x86_64-linux-gnu/cmake/pcl/Modules/FindOpenNI.cmake:28 (find_package_handle_standard_args)
[2.925s]   /usr/lib/x86_64-linux-gnu/cmake/pcl/PCLConfig.cmake:179 (find_package)
[2.926s]   /usr/lib/x86_64-linux-gnu/cmake/pcl/PCLConfig.cmake:322 (find_openni)
[2.926s]   /usr/lib/x86_64-linux-gnu/cmake/pcl/PCLConfig.cmake:548 (find_external_library)
[2.926s]   CMakeLists.txt:29 (find_package)
[2.926s] This warning is for project developers.  Use -Wno-dev to suppress it.
[2.926s] [0m
[2.926s] -- OpenNI found (include: /usr/include/ni, lib: /usr/lib/libOpenNI.so)
[2.936s] -- looking for PCL_COMMON
[2.938s] [33mCMake Warning (dev) at /usr/share/cmake-3.27/Modules/FindPackageHandleStandardArgs.cmake:438 (message):
[2.938s]   The package name passed to `find_package_handle_standard_args` (PCL_COMMON)
[2.938s]   does not match the name of the calling package (PCL).  This can lead to
[2.938s]   problems in calling code that expects `find_package` result variables
[2.938s]   (e.g., `_FOUND`) to follow a certain pattern.
[2.938s] Call Stack (most recent call first):
[2.938s]   /usr/lib/x86_64-linux-gnu/cmake/pcl/PCLConfig.cmake:616 (find_package_handle_standard_args)
[2.938s]   CMakeLists.txt:29 (find_package)
[2.938s] This warning is for project developers.  Use -Wno-dev to suppress it.
[2.938s] [0m
[2.938s] -- Found PCL_COMMON: /usr/lib/x86_64-linux-gnu/libpcl_common.so  
[2.938s] -- looking for PCL_KDTREE
[2.940s] [33mCMake Warning (dev) at /usr/share/cmake-3.27/Modules/FindPackageHandleStandardArgs.cmake:438 (message):
[2.940s]   The package name passed to `find_package_handle_standard_args` (PCL_KDTREE)
[2.941s]   does not match the name of the calling package (PCL).  This can lead to
[2.941s]   problems in calling code that expects `find_package` result variables
[2.941s]   (e.g., `_FOUND`) to follow a certain pattern.
[2.941s] Call Stack (most recent call first):
[2.941s]   /usr/lib/x86_64-linux-gnu/cmake/pcl/PCLConfig.cmake:616 (find_package_handle_standard_args)
[2.941s]   CMakeLists.txt:29 (find_package)
[2.941s] This warning is for project developers.  Use -Wno-dev to suppress it.
[2.941s] [0m
[2.941s] -- Found PCL_KDTREE: /usr/lib/x86_64-linux-gnu/libpcl_kdtree.so  
[2.941s] -- looking for PCL_OCTREE
[2.943s] [33mCMake Warning (dev) at /usr/share/cmake-3.27/Modules/FindPackageHandleStandardArgs.cmake:438 (message):
[2.944s]   The package name passed to `find_package_handle_standard_args` (PCL_OCTREE)
[2.944s]   does not match the name of the calling package (PCL).  This can lead to
[2.944s]   problems in calling code that expects `find_package` result variables
[2.944s]   (e.g., `_FOUND`) to follow a certain pattern.
[2.944s] Call Stack (most recent call first):
[2.944s]   /usr/lib/x86_64-linux-gnu/cmake/pcl/PCLConfig.cmake:616 (find_package_handle_standard_args)
[2.944s]   CMakeLists.txt:29 (find_package)
[2.944s] This warning is for project developers.  Use -Wno-dev to suppress it.
[2.944s] [0m
[2.944s] -- Found PCL_OCTREE: /usr/lib/x86_64-linux-gnu/libpcl_octree.so  
[2.944s] -- looking for PCL_SEARCH
[2.946s] [33mCMake Warning (dev) at /usr/share/cmake-3.27/Modules/FindPackageHandleStandardArgs.cmake:438 (message):
[2.946s]   The package name passed to `find_package_handle_standard_args` (PCL_SEARCH)
[2.947s]   does not match the name of the calling package (PCL).  This can lead to
[2.947s]   problems in calling code that expects `find_package` result variables
[2.947s]   (e.g., `_FOUND`) to follow a certain pattern.
[2.947s] Call Stack (most recent call first):
[2.947s]   /usr/lib/x86_64-linux-gnu/cmake/pcl/PCLConfig.cmake:616 (find_package_handle_standard_args)
[2.947s]   CMakeLists.txt:29 (find_package)
[2.947s] This warning is for project developers.  Use -Wno-dev to suppress it.
[2.947s] [0m
[2.947s] -- Found PCL_SEARCH: /usr/lib/x86_64-linux-gnu/libpcl_search.so  
[2.947s] -- looking for PCL_SAMPLE_CONSENSUS
[2.949s] [33mCMake Warning (dev) at /usr/share/cmake-3.27/Modules/FindPackageHandleStandardArgs.cmake:438 (message):
[2.949s]   The package name passed to `find_package_handle_standard_args`
[2.949s]   (PCL_SAMPLE_CONSENSUS) does not match the name of the calling package
[2.949s]   (PCL).  This can lead to problems in calling code that expects
[2.950s]   `find_package` result variables (e.g., `_FOUND`) to follow a certain
[2.950s]   pattern.
[2.950s] Call Stack (most recent call first):
[2.950s]   /usr/lib/x86_64-linux-gnu/cmake/pcl/PCLConfig.cmake:616 (find_package_handle_standard_args)
[2.950s]   CMakeLists.txt:29 (find_package)
[2.950s] This warning is for project developers.  Use -Wno-dev to suppress it.
[2.950s] [0m
[2.950s] -- Found PCL_SAMPLE_CONSENSUS: /usr/lib/x86_64-linux-gnu/libpcl_sample_consensus.so  
[2.950s] -- looking for PCL_FILTERS
[2.952s] [33mCMake Warning (dev) at /usr/share/cmake-3.27/Modules/FindPackageHandleStandardArgs.cmake:438 (message):
[2.952s]   The package name passed to `find_package_handle_standard_args`
[2.952s]   (PCL_FILTERS) does not match the name of the calling package (PCL).  This
[2.953s]   can lead to problems in calling code that expects `find_package` result
[2.953s]   variables (e.g., `_FOUND`) to follow a certain pattern.
[2.953s] Call Stack (most recent call first):
[2.953s]   /usr/lib/x86_64-linux-gnu/cmake/pcl/PCLConfig.cmake:616 (find_package_handle_standard_args)
[2.953s]   CMakeLists.txt:29 (find_package)
[2.953s] This warning is for project developers.  Use -Wno-dev to suppress it.
[2.953s] [0m
[2.953s] -- Found PCL_FILTERS: /usr/lib/x86_64-linux-gnu/libpcl_filters.so  
[2.953s] -- looking for PCL_2D
[2.953s] [33mCMake Warning (dev) at /usr/share/cmake-3.27/Modules/FindPackageHandleStandardArgs.cmake:438 (message):
[2.953s]   The package name passed to `find_package_handle_standard_args` (PCL_2D)
[2.953s]   does not match the name of the calling package (PCL).  This can lead to
[2.953s]   problems in calling code that expects `find_package` result variables
[2.953s]   (e.g., `_FOUND`) to follow a certain pattern.
[2.954s] Call Stack (most recent call first):
[2.954s]   /usr/lib/x86_64-linux-gnu/cmake/pcl/PCLConfig.cmake:619 (find_package_handle_standard_args)
[2.954s]   CMakeLists.txt:29 (find_package)
[2.954s] This warning is for project developers.  Use -Wno-dev to suppress it.
[2.954s] [0m
[2.954s] -- Found PCL_2D: /usr/include/pcl-1.10  
[2.954s] -- looking for PCL_GEOMETRY
[2.954s] [33mCMake Warning (dev) at /usr/share/cmake-3.27/Modules/FindPackageHandleStandardArgs.cmake:438 (message):
[2.954s]   The package name passed to `find_package_handle_standard_args`
[2.954s]   (PCL_GEOMETRY) does not match the name of the calling package (PCL).  This
[2.955s]   can lead to problems in calling code that expects `find_package` result
[2.955s]   variables (e.g., `_FOUND`) to follow a certain pattern.
[2.955s] Call Stack (most recent call first):
[2.955s]   /usr/lib/x86_64-linux-gnu/cmake/pcl/PCLConfig.cmake:619 (find_package_handle_standard_args)
[2.955s]   CMakeLists.txt:29 (find_package)
[2.955s] This warning is for project developers.  Use -Wno-dev to suppress it.
[2.955s] [0m
[2.955s] -- Found PCL_GEOMETRY: /usr/include/pcl-1.10  
[2.955s] -- looking for PCL_IO
[2.957s] [33mCMake Warning (dev) at /usr/share/cmake-3.27/Modules/FindPackageHandleStandardArgs.cmake:438 (message):
[2.957s]   The package name passed to `find_package_handle_standard_args` (PCL_IO)
[2.957s]   does not match the name of the calling package (PCL).  This can lead to
[2.957s]   problems in calling code that expects `find_package` result variables
[2.957s]   (e.g., `_FOUND`) to follow a certain pattern.
[2.957s] Call Stack (most recent call first):
[2.957s]   /usr/lib/x86_64-linux-gnu/cmake/pcl/PCLConfig.cmake:616 (find_package_handle_standard_args)
[2.957s]   CMakeLists.txt:29 (find_package)
[2.957s] This warning is for project developers.  Use -Wno-dev to suppress it.
[2.957s] [0m
[2.957s] -- Found PCL_IO: /usr/lib/x86_64-linux-gnu/libpcl_io.so  
[2.957s] -- looking for PCL_FEATURES
[2.960s] [33mCMake Warning (dev) at /usr/share/cmake-3.27/Modules/FindPackageHandleStandardArgs.cmake:438 (message):
[2.960s]   The package name passed to `find_package_handle_standard_args`
[2.960s]   (PCL_FEATURES) does not match the name of the calling package (PCL).  This
[2.960s]   can lead to problems in calling code that expects `find_package` result
[2.960s]   variables (e.g., `_FOUND`) to follow a certain pattern.
[2.961s] Call Stack (most recent call first):
[2.961s]   /usr/lib/x86_64-linux-gnu/cmake/pcl/PCLConfig.cmake:616 (find_package_handle_standard_args)
[2.961s]   CMakeLists.txt:29 (find_package)
[2.961s] This warning is for project developers.  Use -Wno-dev to suppress it.
[2.961s] [0m
[2.961s] -- Found PCL_FEATURES: /usr/lib/x86_64-linux-gnu/libpcl_features.so  
[2.961s] -- looking for PCL_ML
[2.963s] [33mCMake Warning (dev) at /usr/share/cmake-3.27/Modules/FindPackageHandleStandardArgs.cmake:438 (message):
[2.963s]   The package name passed to `find_package_handle_standard_args` (PCL_ML)
[2.963s]   does not match the name of the calling package (PCL).  This can lead to
[2.963s]   problems in calling code that expects `find_package` result variables
[2.963s]   (e.g., `_FOUND`) to follow a certain pattern.
[2.963s] Call Stack (most recent call first):
[2.963s]   /usr/lib/x86_64-linux-gnu/cmake/pcl/PCLConfig.cmake:616 (find_package_handle_standard_args)
[2.963s]   CMakeLists.txt:29 (find_package)
[2.964s] This warning is for project developers.  Use -Wno-dev to suppress it.
[2.964s] [0m
[2.964s] -- Found PCL_ML: /usr/lib/x86_64-linux-gnu/libpcl_ml.so  
[2.964s] -- looking for PCL_SEGMENTATION
[2.966s] [33mCMake Warning (dev) at /usr/share/cmake-3.27/Modules/FindPackageHandleStandardArgs.cmake:438 (message):
[2.966s]   The package name passed to `find_package_handle_standard_args`
[2.966s]   (PCL_SEGMENTATION) does not match the name of the calling package (PCL).
[2.966s]   This can lead to problems in calling code that expects `find_package`
[2.966s]   result variables (e.g., `_FOUND`) to follow a certain pattern.
[2.966s] Call Stack (most recent call first):
[2.966s]   /usr/lib/x86_64-linux-gnu/cmake/pcl/PCLConfig.cmake:616 (find_package_handle_standard_args)
[2.966s]   CMakeLists.txt:29 (find_package)
[2.966s] This warning is for project developers.  Use -Wno-dev to suppress it.
[2.966s] [0m
[2.967s] -- Found PCL_SEGMENTATION: /usr/lib/x86_64-linux-gnu/libpcl_segmentation.so  
[2.967s] -- looking for PCL_VISUALIZATION
[2.969s] [33mCMake Warning (dev) at /usr/share/cmake-3.27/Modules/FindPackageHandleStandardArgs.cmake:438 (message):
[2.969s]   The package name passed to `find_package_handle_standard_args`
[2.969s]   (PCL_VISUALIZATION) does not match the name of the calling package (PCL).
[2.969s]   This can lead to problems in calling code that expects `find_package`
[2.969s]   result variables (e.g., `_FOUND`) to follow a certain pattern.
[2.970s] Call Stack (most recent call first):
[2.970s]   /usr/lib/x86_64-linux-gnu/cmake/pcl/PCLConfig.cmake:616 (find_package_handle_standard_args)
[2.970s]   CMakeLists.txt:29 (find_package)
[2.970s] This warning is for project developers.  Use -Wno-dev to suppress it.
[2.970s] [0m
[2.970s] -- Found PCL_VISUALIZATION: /usr/lib/x86_64-linux-gnu/libpcl_visualization.so  
[2.970s] -- looking for PCL_SURFACE
[2.971s] [33mCMake Warning (dev) at /usr/share/cmake-3.27/Modules/FindPackageHandleStandardArgs.cmake:438 (message):
[2.971s]   The package name passed to `find_package_handle_standard_args`
[2.971s]   (PCL_SURFACE) does not match the name of the calling package (PCL).  This
[2.972s]   can lead to problems in calling code that expects `find_package` result
[2.972s]   variables (e.g., `_FOUND`) to follow a certain pattern.
[2.972s] Call Stack (most recent call first):
[2.972s]   /usr/lib/x86_64-linux-gnu/cmake/pcl/PCLConfig.cmake:616 (find_package_handle_standard_args)
[2.972s]   CMakeLists.txt:29 (find_package)
[2.972s] This warning is for project developers.  Use -Wno-dev to suppress it.
[2.972s] [0m
[2.972s] -- Found PCL_SURFACE: /usr/lib/x86_64-linux-gnu/libpcl_surface.so  
[2.972s] -- looking for PCL_REGISTRATION
[2.973s] [33mCMake Warning (dev) at /usr/share/cmake-3.27/Modules/FindPackageHandleStandardArgs.cmake:438 (message):
[2.973s]   The package name passed to `find_package_handle_standard_args`
[2.973s]   (PCL_REGISTRATION) does not match the name of the calling package (PCL).
[2.973s]   This can lead to problems in calling code that expects `find_package`
[2.973s]   result variables (e.g., `_FOUND`) to follow a certain pattern.
[2.974s] Call Stack (most recent call first):
[2.974s]   /usr/lib/x86_64-linux-gnu/cmake/pcl/PCLConfig.cmake:616 (find_package_handle_standard_args)
[2.974s]   CMakeLists.txt:29 (find_package)
[2.974s] This warning is for project developers.  Use -Wno-dev to suppress it.
[2.974s] [0m
[2.974s] -- Found PCL_REGISTRATION: /usr/lib/x86_64-linux-gnu/libpcl_registration.so  
[2.974s] -- looking for PCL_KEYPOINTS
[2.976s] [33mCMake Warning (dev) at /usr/share/cmake-3.27/Modules/FindPackageHandleStandardArgs.cmake:438 (message):
[2.977s]   The package name passed to `find_package_handle_standard_args`
[2.977s]   (PCL_KEYPOINTS) does not match the name of the calling package (PCL).  This
[2.977s]   can lead to problems in calling code that expects `find_package` result
[2.977s]   variables (e.g., `_FOUND`) to follow a certain pattern.
[2.977s] Call Stack (most recent call first):
[2.977s]   /usr/lib/x86_64-linux-gnu/cmake/pcl/PCLConfig.cmake:616 (find_package_handle_standard_args)
[2.977s]   CMakeLists.txt:29 (find_package)
[2.977s] This warning is for project developers.  Use -Wno-dev to suppress it.
[2.977s] [0m
[2.977s] -- Found PCL_KEYPOINTS: /usr/lib/x86_64-linux-gnu/libpcl_keypoints.so  
[2.977s] -- looking for PCL_TRACKING
[2.979s] [33mCMake Warning (dev) at /usr/share/cmake-3.27/Modules/FindPackageHandleStandardArgs.cmake:438 (message):
[2.979s]   The package name passed to `find_package_handle_standard_args`
[2.979s]   (PCL_TRACKING) does not match the name of the calling package (PCL).  This
[2.980s]   can lead to problems in calling code that expects `find_package` result
[2.980s]   variables (e.g., `_FOUND`) to follow a certain pattern.
[2.980s] Call Stack (most recent call first):
[2.980s]   /usr/lib/x86_64-linux-gnu/cmake/pcl/PCLConfig.cmake:616 (find_package_handle_standard_args)
[2.980s]   CMakeLists.txt:29 (find_package)
[2.980s] This warning is for project developers.  Use -Wno-dev to suppress it.
[2.980s] [0m
[2.980s] -- Found PCL_TRACKING: /usr/lib/x86_64-linux-gnu/libpcl_tracking.so  
[2.980s] -- looking for PCL_RECOGNITION
[2.981s] [33mCMake Warning (dev) at /usr/share/cmake-3.27/Modules/FindPackageHandleStandardArgs.cmake:438 (message):
[2.981s]   The package name passed to `find_package_handle_standard_args`
[2.981s]   (PCL_RECOGNITION) does not match the name of the calling package (PCL).
[2.981s]   This can lead to problems in calling code that expects `find_package`
[2.981s]   result variables (e.g., `_FOUND`) to follow a certain pattern.
[2.981s] Call Stack (most recent call first):
[2.981s]   /usr/lib/x86_64-linux-gnu/cmake/pcl/PCLConfig.cmake:616 (find_package_handle_standard_args)
[2.982s]   CMakeLists.txt:29 (find_package)
[2.982s] This warning is for project developers.  Use -Wno-dev to suppress it.
[2.982s] [0m
[2.982s] -- Found PCL_RECOGNITION: /usr/lib/x86_64-linux-gnu/libpcl_recognition.so  
[2.982s] -- looking for PCL_STEREO
[2.985s] [33mCMake Warning (dev) at /usr/share/cmake-3.27/Modules/FindPackageHandleStandardArgs.cmake:438 (message):
[2.985s]   The package name passed to `find_package_handle_standard_args` (PCL_STEREO)
[2.985s]   does not match the name of the calling package (PCL).  This can lead to
[2.985s]   problems in calling code that expects `find_package` result variables
[2.985s]   (e.g., `_FOUND`) to follow a certain pattern.
[2.985s] Call Stack (most recent call first):
[2.985s]   /usr/lib/x86_64-linux-gnu/cmake/pcl/PCLConfig.cmake:616 (find_package_handle_standard_args)
[2.985s]   CMakeLists.txt:29 (find_package)
[2.985s] This warning is for project developers.  Use -Wno-dev to suppress it.
[2.985s] [0m
[2.985s] -- Found PCL_STEREO: /usr/lib/x86_64-linux-gnu/libpcl_stereo.so  
[2.985s] -- looking for PCL_APPS
[2.987s] [33mCMake Warning (dev) at /usr/share/cmake-3.27/Modules/FindPackageHandleStandardArgs.cmake:438 (message):
[2.987s]   The package name passed to `find_package_handle_standard_args` (PCL_APPS)
[2.987s]   does not match the name of the calling package (PCL).  This can lead to
[2.988s]   problems in calling code that expects `find_package` result variables
[2.988s]   (e.g., `_FOUND`) to follow a certain pattern.
[2.988s] Call Stack (most recent call first):
[2.988s]   /usr/lib/x86_64-linux-gnu/cmake/pcl/PCLConfig.cmake:616 (find_package_handle_standard_args)
[2.988s]   CMakeLists.txt:29 (find_package)
[2.988s] This warning is for project developers.  Use -Wno-dev to suppress it.
[2.988s] [0m
[2.988s] -- Found PCL_APPS: /usr/lib/x86_64-linux-gnu/libpcl_apps.so  
[2.988s] -- looking for PCL_IN_HAND_SCANNER
[2.989s] [33mCMake Warning (dev) at /usr/share/cmake-3.27/Modules/FindPackageHandleStandardArgs.cmake:438 (message):
[2.989s]   The package name passed to `find_package_handle_standard_args`
[2.989s]   (PCL_IN_HAND_SCANNER) does not match the name of the calling package (PCL).
[2.989s]   This can lead to problems in calling code that expects `find_package`
[2.989s]   result variables (e.g., `_FOUND`) to follow a certain pattern.
[2.989s] Call Stack (most recent call first):
[2.989s]   /usr/lib/x86_64-linux-gnu/cmake/pcl/PCLConfig.cmake:619 (find_package_handle_standard_args)
[2.989s]   CMakeLists.txt:29 (find_package)
[2.989s] This warning is for project developers.  Use -Wno-dev to suppress it.
[2.989s] [0m
[2.989s] -- Found PCL_IN_HAND_SCANNER: /usr/include/pcl-1.10  
[2.989s] -- looking for PCL_POINT_CLOUD_EDITOR
[2.990s] [33mCMake Warning (dev) at /usr/share/cmake-3.27/Modules/FindPackageHandleStandardArgs.cmake:438 (message):
[2.990s]   The package name passed to `find_package_handle_standard_args`
[2.990s]   (PCL_POINT_CLOUD_EDITOR) does not match the name of the calling package
[2.990s]   (PCL).  This can lead to problems in calling code that expects
[2.990s]   `find_package` result variables (e.g., `_FOUND`) to follow a certain
[2.990s]   pattern.
[2.990s] Call Stack (most recent call first):
[2.990s]   /usr/lib/x86_64-linux-gnu/cmake/pcl/PCLConfig.cmake:619 (find_package_handle_standard_args)
[2.990s]   CMakeLists.txt:29 (find_package)
[2.991s] This warning is for project developers.  Use -Wno-dev to suppress it.
[2.991s] [0m
[2.991s] -- Found PCL_POINT_CLOUD_EDITOR: /usr/include/pcl-1.10  
[2.991s] -- looking for PCL_OUTOFCORE
[2.993s] [33mCMake Warning (dev) at /usr/share/cmake-3.27/Modules/FindPackageHandleStandardArgs.cmake:438 (message):
[2.993s]   The package name passed to `find_package_handle_standard_args`
[2.993s]   (PCL_OUTOFCORE) does not match the name of the calling package (PCL).  This
[2.993s]   can lead to problems in calling code that expects `find_package` result
[2.993s]   variables (e.g., `_FOUND`) to follow a certain pattern.
[2.993s] Call Stack (most recent call first):
[2.993s]   /usr/lib/x86_64-linux-gnu/cmake/pcl/PCLConfig.cmake:616 (find_package_handle_standard_args)
[2.993s]   CMakeLists.txt:29 (find_package)
[2.993s] This warning is for project developers.  Use -Wno-dev to suppress it.
[2.993s] [0m
[2.994s] -- Found PCL_OUTOFCORE: /usr/lib/x86_64-linux-gnu/libpcl_outofcore.so  
[2.994s] -- looking for PCL_PEOPLE
[2.996s] [33mCMake Warning (dev) at /usr/share/cmake-3.27/Modules/FindPackageHandleStandardArgs.cmake:438 (message):
[2.996s]   The package name passed to `find_package_handle_standard_args` (PCL_PEOPLE)
[2.997s]   does not match the name of the calling package (PCL).  This can lead to
[2.997s]   problems in calling code that expects `find_package` result variables
[2.997s]   (e.g., `_FOUND`) to follow a certain pattern.
[2.997s] Call Stack (most recent call first):
[2.997s]   /usr/lib/x86_64-linux-gnu/cmake/pcl/PCLConfig.cmake:616 (find_package_handle_standard_args)
[2.997s]   CMakeLists.txt:29 (find_package)
[2.997s] This warning is for project developers.  Use -Wno-dev to suppress it.
[2.997s] [0m
[2.997s] -- Found PCL_PEOPLE: /usr/lib/x86_64-linux-gnu/libpcl_people.so  
[2.999s] -- Found PCL: pcl_common;pcl_kdtree;pcl_octree;pcl_search;pcl_sample_consensus;pcl_filters;pcl_io;pcl_features;pcl_ml;pcl_segmentation;pcl_visualization;pcl_surface;pcl_registration;pcl_keypoints;pcl_tracking;pcl_recognition;pcl_stereo;pcl_apps;pcl_outofcore;pcl_people;/usr/lib/x86_64-linux-gnu/libboost_system.so.1.71.0;/usr/lib/x86_64-linux-gnu/libboost_filesystem.so;/usr/lib/x86_64-linux-gnu/libboost_date_time.so;/usr/lib/x86_64-linux-gnu/libboost_iostreams.so;/usr/lib/x86_64-linux-gnu/libboost_regex.so;optimized;/usr/lib/x86_64-linux-gnu/libqhull.so;debug;/usr/lib/x86_64-linux-gnu/libqhull.so;/usr/lib/libOpenNI.so;/usr/lib/libOpenNI2.so;vtkChartsCore;vtkCommonColor;vtkCommonCore;vtksys;vtkCommonDataModel;vtkCommonMath;vtkCommonMisc;vtkCommonSystem;vtkCommonTransforms;vtkCommonExecutionModel;vtkFiltersGeneral;vtkCommonComputationalGeometry;vtkFiltersCore;vtkInfovisCore;vtkFiltersExtraction;vtkFiltersStatistics;vtkImagingFourier;vtkImagingCore;vtkalglib;vtkRenderingContext2D;vtkRenderingCore;vtkFiltersGeometry;vtkFiltersSources;vtkRenderingFreeType;/usr/lib/x86_64-linux-gnu/libfreetype.so;/usr/lib/x86_64-linux-gnu/libz.so;vtkFiltersModeling;vtkImagingSources;vtkInteractionStyle;vtkInteractionWidgets;vtkFiltersHybrid;vtkImagingColor;vtkImagingGeneral;vtkImagingHybrid;vtkIOImage;vtkDICOMParser;vtkmetaio;/usr/lib/x86_64-linux-gnu/libjpeg.so;/usr/lib/x86_64-linux-gnu/libpng.so;/usr/lib/x86_64-linux-gnu/libtiff.so;vtkRenderingAnnotation;vtkRenderingVolume;vtkIOXML;vtkIOCore;vtkIOXMLParser;/usr/lib/x86_64-linux-gnu/libexpat.so;vtkIOGeometry;vtkIOLegacy;vtkIOPLY;vtkRenderingLOD;vtkViewsContext2D;vtkViewsCore;vtkRenderingContextOpenGL2;vtkRenderingOpenGL2;FLANN::FLANN  
[3.041s] -- Found ament_lint_auto: 0.9.8 (/opt/ros/foxy/share/ament_lint_auto/cmake)
[3.118s] -- Added test 'copyright' to check source files copyright and LICENSE
[3.122s] -- Added test 'cppcheck' to perform static code analysis on C / C++ code
[3.123s] -- Configured cppcheck include dirs: /home/jrlintern/Desktop/CNRS_AIST_Work/CNRS_AIST_Mobile_Shopping_Robot/robot_ws_ros2/src/ros2_laser_scan_merger/include
[3.123s] -- Configured cppcheck exclude dirs and/or files: 
[3.127s] -- Added test 'cpplint' to check C / C++ code against the Google style
[3.127s] -- Configured cpplint exclude dirs and/or files: 
[3.128s] -- Added test 'flake8' to check Python code syntax and style conventions
[3.129s] -- Added test 'lint_cmake' to check CMake code style
[3.130s] -- Added test 'pep257' to check Python code against some of the style conventions in PEP 257
[3.133s] -- Added test 'uncrustify' to check C / C++ code style
[3.133s] -- Configured uncrustify additional arguments: 
[3.134s] -- Added test 'xmllint' to check XML markup files
[3.136s] -- Configuring done (2.9s)
[3.176s] -- Generating done (0.0s)
[3.178s] -- Build files have been written to: /home/jrlintern/Desktop/CNRS_AIST_Work/CNRS_AIST_Mobile_Shopping_Robot/robot_ws_ros2/build/ros2_laser_scan_merger
[3.193s] Invoked command in '/home/jrlintern/Desktop/CNRS_AIST_Work/CNRS_AIST_Mobile_Shopping_Robot/robot_ws_ros2/build/ros2_laser_scan_merger' returned '0': CMAKE_PREFIX_PATH=${CMAKE_PREFIX_PATH}:/opt/ros/foxy /usr/bin/cmake /home/jrlintern/Desktop/CNRS_AIST_Work/CNRS_AIST_Mobile_Shopping_Robot/robot_ws_ros2/src/ros2_laser_scan_merger -DCMAKE_INSTALL_PREFIX=/home/jrlintern/Desktop/CNRS_AIST_Work/CNRS_AIST_Mobile_Shopping_Robot/robot_ws_ros2/install/ros2_laser_scan_merger
[3.196s] Invoking command in '/home/jrlintern/Desktop/CNRS_AIST_Work/CNRS_AIST_Mobile_Shopping_Robot/robot_ws_ros2/build/ros2_laser_scan_merger': CMAKE_PREFIX_PATH=${CMAKE_PREFIX_PATH}:/opt/ros/foxy /usr/bin/cmake --build /home/jrlintern/Desktop/CNRS_AIST_Work/CNRS_AIST_Mobile_Shopping_Robot/robot_ws_ros2/build/ros2_laser_scan_merger -- -j8 -l8
[3.224s] [ 50%] [32mBuilding CXX object CMakeFiles/ros2_laser_scan_merger.dir/src/main.cpp.o[0m
[5.107s] [01m[K/home/jrlintern/Desktop/CNRS_AIST_Work/CNRS_AIST_Mobile_Shopping_Robot/robot_ws_ros2/src/ros2_laser_scan_merger/src/main.cpp:13:10:[m[K [01;31m[Kfatal error: [m[Ktf2_geometry_msgs/tf2_geometry_msgs.hpp: No such file or directory
[5.107s]    13 | #include [01;31m[K<tf2_geometry_msgs/tf2_geometry_msgs.hpp>[m[K
[5.108s]       |          [01;31m[K^~~~~~~~~~~~~~~~~~~~~~~~~~~~~~~~~~~~~~~~~[m[K
[5.108s] compilation terminated.
[5.127s] make[2]: *** [CMakeFiles/ros2_laser_scan_merger.dir/build.make:76: CMakeFiles/ros2_laser_scan_merger.dir/src/main.cpp.o] Error 1
[5.127s] make[1]: *** [CMakeFiles/Makefile2:137: CMakeFiles/ros2_laser_scan_merger.dir/all] Error 2
[5.127s] make: *** [Makefile:146: all] Error 2
[5.129s] Invoked command in '/home/jrlintern/Desktop/CNRS_AIST_Work/CNRS_AIST_Mobile_Shopping_Robot/robot_ws_ros2/build/ros2_laser_scan_merger' returned '2': CMAKE_PREFIX_PATH=${CMAKE_PREFIX_PATH}:/opt/ros/foxy /usr/bin/cmake --build /home/jrlintern/Desktop/CNRS_AIST_Work/CNRS_AIST_Mobile_Shopping_Robot/robot_ws_ros2/build/ros2_laser_scan_merger -- -j8 -l8
