[0.234s] Invoking command in '/home/jrlintern/Desktop/CNRS_AIST_Work/CNRS_AIST_Mobile_Shopping_Robot/robot_ws_ros2/build/c_pkg': CMAKE_PREFIX_PATH=${CMAKE_PREFIX_PATH}:/opt/ros/foxy /usr/bin/cmake --build /home/jrlintern/Desktop/CNRS_AIST_Work/CNRS_AIST_Mobile_Shopping_Robot/robot_ws_ros2/build/c_pkg -- -j8 -l8
[0.269s] [  2%] Built target c_pkg__cpp
[0.269s] [ 10%] Built target c_pkg__rosidl_generator_c
[0.282s] [ 17%] Built target c_pkg__rosidl_typesupport_introspection_c
[0.283s] [ 25%] Built target c_pkg__rosidl_typesupport_c
[0.284s] [ 47%] Built target c_pkg__rosidl_typesupport_cpp
[0.284s] [ 47%] Built target c_pkg__rosidl_typesupport_fastrtps_cpp
[0.285s] [ 47%] Built target c_pkg__rosidl_typesupport_introspection_cpp
[0.298s] [ 55%] Built target c_pkg__rosidl_typesupport_fastrtps_c
[0.310s] [ 55%] Built target c_pkg
[0.322s] [ 57%] Built target c_pkg__py
[0.328s] [ 67%] Built target keyboard_control_node
[0.334s] [ 70%] [32mBuilding CXX object CMakeFiles/bot_control_driver_node.dir/src/bot_control_driver.cpp.o[0m
[0.335s] [ 75%] Built target c_pkg__python
[0.350s] [ 90%] Built target c_pkg__rosidl_typesupport_introspection_c__pyext
[0.350s] [ 90%] Built target c_pkg__rosidl_typesupport_c__pyext
[0.350s] [ 90%] Built target c_pkg__rosidl_typesupport_fastrtps_c__pyext
[1.980s] In file included from [01m[K/opt/ros/foxy/include/rclcpp/service.hpp:34[m[K,
[1.980s]                  from [01m[K/opt/ros/foxy/include/rclcpp/callback_group.hpp:25[m[K,
[1.980s]                  from [01m[K/opt/ros/foxy/include/rclcpp/any_executable.hpp:20[m[K,
[1.981s]                  from [01m[K/opt/ros/foxy/include/rclcpp/memory_strategy.hpp:24[m[K,
[1.981s]                  from [01m[K/opt/ros/foxy/include/rclcpp/memory_strategies.hpp:18[m[K,
[1.981s]                  from [01m[K/opt/ros/foxy/include/rclcpp/executor_options.hpp:20[m[K,
[1.981s]                  from [01m[K/opt/ros/foxy/include/rclcpp/executor.hpp:33[m[K,
[1.981s]                  from [01m[K/opt/ros/foxy/include/rclcpp/executors/multi_threaded_executor.hpp:26[m[K,
[1.981s]                  from [01m[K/opt/ros/foxy/include/rclcpp/executors.hpp:21[m[K,
[1.981s]                  from [01m[K/opt/ros/foxy/include/rclcpp/rclcpp.hpp:146[m[K,
[1.981s]                  from [01m[K/home/jrlintern/Desktop/CNRS_AIST_Work/CNRS_AIST_Mobile_Shopping_Robot/robot_ws_ros2/src/c_pkg/src/bot_control_driver.cpp:5[m[K:
[1.981s] [01m[K/home/jrlintern/Desktop/CNRS_AIST_Work/CNRS_AIST_Mobile_Shopping_Robot/robot_ws_ros2/src/c_pkg/src/bot_control_driver.cpp:[m[K In member function â€˜[01m[Kvoid Bot_control_driver::topic_callback_keyboard(c_pkg::msg::StateVector_<std::allocator<void> >::SharedPtr) const[m[Kâ€™:
[1.981s] [01m[K/home/jrlintern/Desktop/CNRS_AIST_Work/CNRS_AIST_Mobile_Shopping_Robot/robot_ws_ros2/src/c_pkg/src/bot_control_driver.cpp:31:9:[m[K [01;31m[Kerror: [m[Kexpected primary-expression before â€˜[01m[Kdo[m[Kâ€™
[1.981s]    31 |         [01;31m[KRCLCPP_INFO[m[K(this->get_logger(), "I heard: '%f' '%f' '%f' ", msg->vx, msg->vy, msg->w);
[1.981s]       |         [01;31m[K^~~~~~~~~~~[m[K
[1.981s] [01m[K/home/jrlintern/Desktop/CNRS_AIST_Work/CNRS_AIST_Mobile_Shopping_Robot/robot_ws_ros2/src/c_pkg/src/bot_control_driver.cpp:26:75:[m[K [01;35m[Kwarning: [m[Kunused parameter â€˜[01m[Kmsg[m[Kâ€™ [[01;35m[K-Wunused-parameter[m[K]
[1.981s]    26 |     void topic_callback_keyboard([01;35m[Kconst c_pkg::msg::StateVector::SharedPtr msg[m[K) const
[1.981s]       |                                  [01;35m[K~~~~~~~~~~~~~~~~~~~~~~~~~~~~~~~~~~~~~~~~~^~~[m[K
[1.982s] [01m[K/home/jrlintern/Desktop/CNRS_AIST_Work/CNRS_AIST_Mobile_Shopping_Robot/robot_ws_ros2/src/c_pkg/src/bot_control_driver.cpp:[m[K In member function â€˜[01m[Kvoid Bot_control_driver::apply_commands()[m[Kâ€™:
[1.982s] [01m[K/home/jrlintern/Desktop/CNRS_AIST_Work/CNRS_AIST_Mobile_Shopping_Robot/robot_ws_ros2/src/c_pkg/src/bot_control_driver.cpp:36:88:[m[K [01;31m[Kerror: [m[Klvalue required as left operand of assignment
[1.982s]    36 |         bool command_keyboard = this->keyboard_vx+this->keyboard_vy+this->keyboard_w = [01;31m[K0[m[K;
[1.982s]       |                                                                                        [01;31m[K^[m[K
[1.982s] [01m[K/home/jrlintern/Desktop/CNRS_AIST_Work/CNRS_AIST_Mobile_Shopping_Robot/robot_ws_ros2/src/c_pkg/src/bot_control_driver.cpp:37:88:[m[K [01;31m[Kerror: [m[Klvalue required as left operand of assignment
[1.982s]    37 |         bool command_joystick = this->joystick_vx+this->joystick_vy+this->joystick_w = [01;31m[K0[m[K;
[1.982s]       |                                                                                        [01;31m[K^[m[K
[1.982s] [01m[K/home/jrlintern/Desktop/CNRS_AIST_Work/CNRS_AIST_Mobile_Shopping_Robot/robot_ws_ros2/src/c_pkg/src/bot_control_driver.cpp:50:9:[m[K [01;31m[Kerror: [m[Kâ€˜[01m[Kelif[m[Kâ€™ was not declared in this scope
[1.982s]    50 |         [01;31m[Kelif[m[K(!command_keyboard && command_joystick)
[1.982s]       |         [01;31m[K^~~~[m[K
[1.983s] [01m[K/home/jrlintern/Desktop/CNRS_AIST_Work/CNRS_AIST_Mobile_Shopping_Robot/robot_ws_ros2/src/c_pkg/src/bot_control_driver.cpp:57:41:[m[K [01;31m[Kerror: [m[Kâ€˜[01m[KMAX_VX[m[Kâ€™ was not declared in this scope
[1.983s]    57 |         des_velx = constrain(des_velx, -[01;31m[KMAX_VX[m[K, MAX_VX);
[1.983s]       |                                         [01;31m[K^~~~~~[m[K
[1.985s] [01m[K/home/jrlintern/Desktop/CNRS_AIST_Work/CNRS_AIST_Mobile_Shopping_Robot/robot_ws_ros2/src/c_pkg/src/bot_control_driver.cpp:57:20:[m[K [01;31m[Kerror: [m[Kâ€˜[01m[Kconstrain[m[Kâ€™ was not declared in this scope
[1.985s]    57 |         des_velx = [01;31m[Kconstrain[m[K(des_velx, -MAX_VX, MAX_VX);
[1.985s]       |                    [01;31m[K^~~~~~~~~[m[K
[1.987s] [01m[K/home/jrlintern/Desktop/CNRS_AIST_Work/CNRS_AIST_Mobile_Shopping_Robot/robot_ws_ros2/src/c_pkg/src/bot_control_driver.cpp:58:42:[m[K [01;31m[Kerror: [m[Kâ€˜[01m[KMAX_VY[m[Kâ€™ was not declared in this scope
[1.987s]    58 |         des_vely = constrain (des_vely, -[01;31m[KMAX_VY[m[K, MAX_VY);
[1.987s]       |                                          [01;31m[K^~~~~~[m[K
[1.988s] [01m[K/home/jrlintern/Desktop/CNRS_AIST_Work/CNRS_AIST_Mobile_Shopping_Robot/robot_ws_ros2/src/c_pkg/src/bot_control_driver.cpp:59:42:[m[K [01;31m[Kerror: [m[Kâ€˜[01m[KMAX_W[m[Kâ€™ was not declared in this scope
[1.988s]    59 |         des_velw = constrain (des_velw, -[01;31m[KMAX_W[m[K, MAX_W);
[1.988s]       |                                          [01;31m[K^~~~~[m[K
[1.990s] [01m[K/home/jrlintern/Desktop/CNRS_AIST_Work/CNRS_AIST_Mobile_Shopping_Robot/robot_ws_ros2/src/c_pkg/src/bot_control_driver.cpp:62:43:[m[K [01;31m[Kerror: [m[Kâ€˜[01m[Kcur_velx[m[Kâ€™ was not declared in this scope
[1.990s]    62 |         vel2rotor (this->rotor_rad_p_sec, [01;31m[Kcur_velx[m[K, cur_vely, cur_velw);
[1.990s]       |                                           [01;31m[K^~~~~~~~[m[K
[1.992s] [01m[K/home/jrlintern/Desktop/CNRS_AIST_Work/CNRS_AIST_Mobile_Shopping_Robot/robot_ws_ros2/src/c_pkg/src/bot_control_driver.cpp:62:53:[m[K [01;31m[Kerror: [m[Kâ€˜[01m[Kcur_vely[m[Kâ€™ was not declared in this scope
[1.992s]    62 |         vel2rotor (this->rotor_rad_p_sec, cur_velx, [01;31m[Kcur_vely[m[K, cur_velw);
[1.992s]       |                                                     [01;31m[K^~~~~~~~[m[K
[1.994s] [01m[K/home/jrlintern/Desktop/CNRS_AIST_Work/CNRS_AIST_Mobile_Shopping_Robot/robot_ws_ros2/src/c_pkg/src/bot_control_driver.cpp:62:63:[m[K [01;31m[Kerror: [m[Kâ€˜[01m[Kcur_velw[m[Kâ€™ was not declared in this scope
[1.994s]    62 |         vel2rotor (this->rotor_rad_p_sec, cur_velx, cur_vely, [01;31m[Kcur_velw[m[K);
[1.994s]       |                                                               [01;31m[K^~~~~~~~[m[K
[1.995s] [01m[K/home/jrlintern/Desktop/CNRS_AIST_Work/CNRS_AIST_Mobile_Shopping_Robot/robot_ws_ros2/src/c_pkg/src/bot_control_driver.cpp:62:9:[m[K [01;31m[Kerror: [m[Kâ€˜[01m[Kvel2rotor[m[Kâ€™ was not declared in this scope
[1.995s]    62 |         [01;31m[Kvel2rotor[m[K (this->rotor_rad_p_sec, cur_velx, cur_vely, cur_velw);
[1.995s]       |         [01;31m[K^~~~~~~~~[m[K
[1.999s] [01m[K/home/jrlintern/Desktop/CNRS_AIST_Work/CNRS_AIST_Mobile_Shopping_Robot/robot_ws_ros2/src/c_pkg/src/bot_control_driver.cpp:65:9:[m[K [01;31m[Kerror: [m[Kâ€˜[01m[Krotor_rad_per_sec_gain[m[Kâ€™ was not declared in this scope; did you mean â€˜[01m[Krotor_rad_p_sec[m[Kâ€™?
[1.999s]    65 |         [01;31m[Krotor_rad_per_sec_gain[m[K = servo3motor_loop (this->rotor_rad_p_sec, target_motor_rpm, real_motor_rpm);
[1.999s]       |         [01;31m[K^~~~~~~~~~~~~~~~~~~~~~[m[K
[1.999s]       |         [32m[Krotor_rad_p_sec[m[K
[2.002s] [01m[K/home/jrlintern/Desktop/CNRS_AIST_Work/CNRS_AIST_Mobile_Shopping_Robot/robot_ws_ros2/src/c_pkg/src/bot_control_driver.cpp:65:75:[m[K [01;31m[Kerror: [m[Kâ€˜[01m[Ktarget_motor_rpm[m[Kâ€™ was not declared in this scope
[2.002s]    65 |         rotor_rad_per_sec_gain = servo3motor_loop (this->rotor_rad_p_sec, [01;31m[Ktarget_motor_rpm[m[K, real_motor_rpm);
[2.002s]       |                                                                           [01;31m[K^~~~~~~~~~~~~~~~[m[K
[2.004s] [01m[K/home/jrlintern/Desktop/CNRS_AIST_Work/CNRS_AIST_Mobile_Shopping_Robot/robot_ws_ros2/src/c_pkg/src/bot_control_driver.cpp:65:93:[m[K [01;31m[Kerror: [m[Kâ€˜[01m[Kreal_motor_rpm[m[Kâ€™ was not declared in this scope
[2.004s]    65 |         rotor_rad_per_sec_gain = servo3motor_loop (this->rotor_rad_p_sec, target_motor_rpm, [01;31m[Kreal_motor_rpm[m[K);
[2.004s]       |                                                                                             [01;31m[K^~~~~~~~~~~~~~[m[K
[3.965s] make[2]: *** [CMakeFiles/bot_control_driver_node.dir/build.make:76: CMakeFiles/bot_control_driver_node.dir/src/bot_control_driver.cpp.o] Error 1
[3.966s] make[1]: *** [CMakeFiles/Makefile2:574: CMakeFiles/bot_control_driver_node.dir/all] Error 2
[3.966s] make: *** [Makefile:146: all] Error 2
[3.971s] Invoked command in '/home/jrlintern/Desktop/CNRS_AIST_Work/CNRS_AIST_Mobile_Shopping_Robot/robot_ws_ros2/build/c_pkg' returned '2': CMAKE_PREFIX_PATH=${CMAKE_PREFIX_PATH}:/opt/ros/foxy /usr/bin/cmake --build /home/jrlintern/Desktop/CNRS_AIST_Work/CNRS_AIST_Mobile_Shopping_Robot/robot_ws_ros2/build/c_pkg -- -j8 -l8
