[0.261s] Invoking command in '/home/jrlintern/Desktop/CNRS_AIST_Work/CNRS_AIST_Mobile_Shopping_Robot/robot_ws_ros2/build/ros2_laser_scan_merger': CMAKE_PREFIX_PATH=${CMAKE_PREFIX_PATH}:/opt/ros/foxy /usr/bin/cmake --build /home/jrlintern/Desktop/CNRS_AIST_Work/CNRS_AIST_Mobile_Shopping_Robot/robot_ws_ros2/build/ros2_laser_scan_merger -- -j8 -l8
[0.284s] -- Found ament_cmake: 0.9.12 (/opt/ros/foxy/share/ament_cmake/cmake)
[0.286s] [33mCMake Warning (dev) at /opt/ros/foxy/share/ament_cmake_core/cmake/core/python.cmake:22 (find_package):
[0.286s]   Policy CMP0148 is not set: The FindPythonInterp and FindPythonLibs modules
[0.286s]   are removed.  Run "cmake --help-policy CMP0148" for policy details.  Use
[0.286s]   the cmake_policy command to set the policy and suppress this warning.
[0.286s] 
[0.286s] Call Stack (most recent call first):
[0.287s]   /opt/ros/foxy/share/ament_cmake_core/cmake/core/all.cmake:53 (include)
[0.287s]   /opt/ros/foxy/share/ament_cmake_core/cmake/ament_cmake_core-extras.cmake:17 (include)
[0.287s]   /opt/ros/foxy/share/ament_cmake_core/cmake/ament_cmake_coreConfig.cmake:41 (include)
[0.287s]   /opt/ros/foxy/share/ament_cmake/cmake/ament_cmake_export_dependencies-extras.cmake:15 (find_package)
[0.287s]   /opt/ros/foxy/share/ament_cmake/cmake/ament_cmakeConfig.cmake:41 (include)
[0.287s]   CMakeLists.txt:19 (find_package)
[0.287s] This warning is for project developers.  Use -Wno-dev to suppress it.
[0.287s] [0m
[0.316s] -- Using PYTHON_EXECUTABLE: /usr/bin/python3
[0.547s] -- Found rclcpp: 2.4.3 (/opt/ros/foxy/share/rclcpp/cmake)
[0.586s] -- Using all available rosidl_typesupport_c: rosidl_typesupport_fastrtps_c;rosidl_typesupport_introspection_c
[0.589s] -- Found rosidl_adapter: 1.3.1 (/opt/ros/foxy/share/rosidl_adapter/cmake)
[0.723s] -- Using all available rosidl_typesupport_cpp: rosidl_typesupport_fastrtps_cpp;rosidl_typesupport_introspection_cpp
[0.778s] -- Found rmw_implementation_cmake: 1.0.4 (/opt/ros/foxy/share/rmw_implementation_cmake/cmake)
[0.779s] -- Using RMW implementation 'rmw_fastrtps_cpp' as default
[0.946s] -- Found sensor_msgs: 2.0.5 (/opt/ros/foxy/share/sensor_msgs/cmake)
[1.060s] -- Found pcl_conversions: 2.2.1 (/opt/ros/foxy/share/pcl_conversions/cmake)
[1.240s] -- Found tf2_geometry_msgs: 0.13.14 (/opt/ros/foxy/share/tf2_geometry_msgs/cmake)
[1.247s] -- Found eigen3_cmake_module: 0.1.1 (/opt/ros/foxy/share/eigen3_cmake_module/cmake)
[1.628s] -- Found Boost: /usr/lib/x86_64-linux-gnu/cmake/Boost-1.71.0/BoostConfig.cmake (found version "1.71.0") found components: system 
[1.636s] [33mCMake Warning (dev) at /usr/lib/x86_64-linux-gnu/cmake/pcl/PCLConfig.cmake:152 (find_package):
[1.636s]   Policy CMP0144 is not set: find_package uses upper-case <PACKAGENAME>_ROOT
[1.636s]   variables.  Run "cmake --help-policy CMP0144" for policy details.  Use the
[1.636s]   cmake_policy command to set the policy and suppress this warning.
[1.636s] 
[1.636s]   CMake variable EIGEN_ROOT is set to:
[1.636s] 
[1.637s]     /usr/include/eigen3
[1.637s] 
[1.637s]   For compatibility, find_package is ignoring the variable, but code in a
[1.637s]   .cmake module might still use it.
[1.637s] Call Stack (most recent call first):
[1.637s]   /usr/lib/x86_64-linux-gnu/cmake/pcl/PCLConfig.cmake:316 (find_eigen)
[1.637s]   /usr/lib/x86_64-linux-gnu/cmake/pcl/PCLConfig.cmake:551 (find_external_library)
[1.637s]   CMakeLists.txt:29 (find_package)
[1.637s] This warning is for project developers.  Use -Wno-dev to suppress it.
[1.637s] [0m
[1.641s] -- Eigen found (include: /usr/include/eigen3, version: 3.3.7)
[1.651s] -- Found Boost: /usr/include (found suitable version "1.71.0", minimum required is "1.55.0") found components: system filesystem date_time iostreams regex 
[1.652s] [33mCMake Warning (dev) at /usr/lib/x86_64-linux-gnu/cmake/pcl/Modules/FindFLANN.cmake:44 (find_package):
[1.652s]   Policy CMP0144 is not set: find_package uses upper-case <PACKAGENAME>_ROOT
[1.652s]   variables.  Run "cmake --help-policy CMP0144" for policy details.  Use the
[1.653s]   cmake_policy command to set the policy and suppress this warning.
[1.653s] 
[1.653s]   CMake variable FLANN_ROOT is set to:
[1.653s] 
[1.653s]     /usr
[1.653s] 
[1.653s]   For compatibility, find_package is ignoring the variable, but code in a
[1.653s]   .cmake module might still use it.
[1.654s] Call Stack (most recent call first):
[1.654s]   /usr/lib/x86_64-linux-gnu/cmake/pcl/PCLConfig.cmake:263 (find_package)
[1.654s]   /usr/lib/x86_64-linux-gnu/cmake/pcl/PCLConfig.cmake:318 (find_flann)
[1.654s]   /usr/lib/x86_64-linux-gnu/cmake/pcl/PCLConfig.cmake:551 (find_external_library)
[1.654s]   CMakeLists.txt:29 (find_package)
[1.654s] This warning is for project developers.  Use -Wno-dev to suppress it.
[1.654s] [0m
[1.712s] -- The imported target "vtkParseOGLExt" references the file
[1.713s]    "/usr/bin/vtkParseOGLExt-7.1"
[1.713s] but this file does not exist.  Possible reasons include:
[1.713s] * The file was deleted, renamed, or moved to another location.
[1.713s] * An install or uninstall procedure did not complete successfully.
[1.713s] * The installation package was faulty and contained
[1.714s]    "/usr/lib/cmake/vtk-7.1/VTKTargets.cmake"
[1.714s] but not all the files it references.
[1.714s] 
[1.714s] -- The imported target "vtkRenderingPythonTkWidgets" references the file
[1.714s]    "/usr/lib/x86_64-linux-gnu/libvtkRenderingPythonTkWidgets.so"
[1.714s] but this file does not exist.  Possible reasons include:
[1.714s] * The file was deleted, renamed, or moved to another location.
[1.715s] * An install or uninstall procedure did not complete successfully.
[1.715s] * The installation package was faulty and contained
[1.715s]    "/usr/lib/cmake/vtk-7.1/VTKTargets.cmake"
[1.715s] but not all the files it references.
[1.715s] 
[1.715s] -- The imported target "vtk" references the file
[1.715s]    "/usr/bin/vtk"
[1.715s] but this file does not exist.  Possible reasons include:
[1.715s] * The file was deleted, renamed, or moved to another location.
[1.716s] * An install or uninstall procedure did not complete successfully.
[1.716s] * The installation package was faulty and contained
[1.716s]    "/usr/lib/cmake/vtk-7.1/VTKTargets.cmake"
[1.716s] but not all the files it references.
[1.716s] 
[1.716s] -- The imported target "pvtk" references the file
[1.716s]    "/usr/bin/pvtk"
[1.716s] but this file does not exist.  Possible reasons include:
[1.716s] * The file was deleted, renamed, or moved to another location.
[1.717s] * An install or uninstall procedure did not complete successfully.
[1.717s] * The installation package was faulty and contained
[1.717s]    "/usr/lib/cmake/vtk-7.1/VTKTargets.cmake"
[1.717s] but not all the files it references.
[1.717s] 
[1.732s] [33mCMake Warning (dev) at /usr/share/cmake-3.27/Modules/FindPackageHandleStandardArgs.cmake:438 (message):
[1.733s]   The package name passed to `find_package_handle_standard_args` (USB_10)
[1.733s]   does not match the name of the calling package (OpenNI).  This can lead to
[1.733s]   problems in calling code that expects `find_package` result variables
[1.733s]   (e.g., `_FOUND`) to follow a certain pattern.
[1.733s] Call Stack (most recent call first):
[1.733s]   /usr/lib/x86_64-linux-gnu/cmake/pcl/Modules/FindOpenNI.cmake:28 (find_package_handle_standard_args)
[1.733s]   /usr/lib/x86_64-linux-gnu/cmake/pcl/PCLConfig.cmake:179 (find_package)
[1.734s]   /usr/lib/x86_64-linux-gnu/cmake/pcl/PCLConfig.cmake:322 (find_openni)
[1.734s]   /usr/lib/x86_64-linux-gnu/cmake/pcl/PCLConfig.cmake:548 (find_external_library)
[1.734s]   CMakeLists.txt:29 (find_package)
[1.734s] This warning is for project developers.  Use -Wno-dev to suppress it.
[1.734s] [0m
[1.734s] -- OpenNI found (include: /usr/include/ni, lib: /usr/lib/libOpenNI.so)
[1.740s] [33mCMake Warning (dev) at /usr/share/cmake-3.27/Modules/FindPackageHandleStandardArgs.cmake:438 (message):
[1.740s]   The package name passed to `find_package_handle_standard_args` (USB_10)
[1.740s]   does not match the name of the calling package (OpenNI2).  This can lead to
[1.740s]   problems in calling code that expects `find_package` result variables
[1.740s]   (e.g., `_FOUND`) to follow a certain pattern.
[1.740s] Call Stack (most recent call first):
[1.740s]   /usr/lib/x86_64-linux-gnu/cmake/pcl/Modules/FindOpenNI2.cmake:28 (find_package_handle_standard_args)
[1.740s]   /usr/lib/x86_64-linux-gnu/cmake/pcl/PCLConfig.cmake:193 (find_package)
[1.740s]   /usr/lib/x86_64-linux-gnu/cmake/pcl/PCLConfig.cmake:324 (find_openni2)
[1.740s]   /usr/lib/x86_64-linux-gnu/cmake/pcl/PCLConfig.cmake:548 (find_external_library)
[1.740s]   CMakeLists.txt:29 (find_package)
[1.741s] This warning is for project developers.  Use -Wno-dev to suppress it.
[1.741s] [0m
[1.741s] -- OpenNI2 found (include: /usr/include/openni2, lib: /usr/lib/libOpenNI2.so)
[1.741s] [0m** WARNING ** io features related to pcap will be disabled[0m
[1.742s] [0m** WARNING ** io features related to png will be disabled[0m
[1.751s] [33mCMake Warning (dev) at /usr/share/cmake-3.27/Modules/FindPackageHandleStandardArgs.cmake:438 (message):
[1.752s]   The package name passed to `find_package_handle_standard_args` (libusb-1.0)
[1.752s]   does not match the name of the calling package (PCL).  This can lead to
[1.752s]   problems in calling code that expects `find_package` result variables
[1.752s]   (e.g., `_FOUND`) to follow a certain pattern.
[1.752s] Call Stack (most recent call first):
[1.752s]   /usr/lib/x86_64-linux-gnu/cmake/pcl/PCLConfig.cmake:291 (find_package_handle_standard_args)
[1.752s]   /usr/lib/x86_64-linux-gnu/cmake/pcl/PCLConfig.cmake:338 (find_libusb)
[1.752s]   /usr/lib/x86_64-linux-gnu/cmake/pcl/PCLConfig.cmake:548 (find_external_library)
[1.752s]   CMakeLists.txt:29 (find_package)
[1.752s] This warning is for project developers.  Use -Wno-dev to suppress it.
[1.752s] [0m
[1.752s] [0m** WARNING ** io features related to libusb-1.0 will be disabled[0m
[1.757s] [33mCMake Warning (dev) at /usr/share/cmake-3.27/Modules/FindPackageHandleStandardArgs.cmake:438 (message):
[1.757s]   The package name passed to `find_package_handle_standard_args` (USB_10)
[1.757s]   does not match the name of the calling package (OpenNI).  This can lead to
[1.757s]   problems in calling code that expects `find_package` result variables
[1.757s]   (e.g., `_FOUND`) to follow a certain pattern.
[1.757s] Call Stack (most recent call first):
[1.757s]   /usr/lib/x86_64-linux-gnu/cmake/pcl/Modules/FindOpenNI.cmake:28 (find_package_handle_standard_args)
[1.757s]   /usr/lib/x86_64-linux-gnu/cmake/pcl/PCLConfig.cmake:179 (find_package)
[1.757s]   /usr/lib/x86_64-linux-gnu/cmake/pcl/PCLConfig.cmake:322 (find_openni)
[1.758s]   /usr/lib/x86_64-linux-gnu/cmake/pcl/PCLConfig.cmake:548 (find_external_library)
[1.758s]   CMakeLists.txt:29 (find_package)
[1.758s] This warning is for project developers.  Use -Wno-dev to suppress it.
[1.758s] [0m
[1.758s] -- OpenNI found (include: /usr/include/ni, lib: /usr/lib/libOpenNI.so)
[1.764s] [33mCMake Warning (dev) at /usr/share/cmake-3.27/Modules/FindPackageHandleStandardArgs.cmake:438 (message):
[1.764s]   The package name passed to `find_package_handle_standard_args` (USB_10)
[1.765s]   does not match the name of the calling package (OpenNI2).  This can lead to
[1.765s]   problems in calling code that expects `find_package` result variables
[1.765s]   (e.g., `_FOUND`) to follow a certain pattern.
[1.765s] Call Stack (most recent call first):
[1.765s]   /usr/lib/x86_64-linux-gnu/cmake/pcl/Modules/FindOpenNI2.cmake:28 (find_package_handle_standard_args)
[1.765s]   /usr/lib/x86_64-linux-gnu/cmake/pcl/PCLConfig.cmake:193 (find_package)
[1.765s]   /usr/lib/x86_64-linux-gnu/cmake/pcl/PCLConfig.cmake:324 (find_openni2)
[1.765s]   /usr/lib/x86_64-linux-gnu/cmake/pcl/PCLConfig.cmake:548 (find_external_library)
[1.765s]   CMakeLists.txt:29 (find_package)
[1.765s] This warning is for project developers.  Use -Wno-dev to suppress it.
[1.765s] [0m
[1.765s] -- OpenNI2 found (include: /usr/include/openni2, lib: /usr/lib/libOpenNI2.so)
[1.776s] [33mCMake Warning (dev) at /usr/lib/x86_64-linux-gnu/cmake/pcl/PCLConfig.cmake:165 (find_package):
[1.776s]   Policy CMP0144 is not set: find_package uses upper-case <PACKAGENAME>_ROOT
[1.776s]   variables.  Run "cmake --help-policy CMP0144" for policy details.  Use the
[1.777s]   cmake_policy command to set the policy and suppress this warning.
[1.777s] 
[1.777s]   CMake variable QHULL_ROOT is set to:
[1.777s] 
[1.777s]     /usr
[1.777s] 
[1.777s]   For compatibility, find_package is ignoring the variable, but code in a
[1.777s]   .cmake module might still use it.
[1.777s] Call Stack (most recent call first):
[1.777s]   /usr/lib/x86_64-linux-gnu/cmake/pcl/PCLConfig.cmake:320 (find_qhull)
[1.777s]   /usr/lib/x86_64-linux-gnu/cmake/pcl/PCLConfig.cmake:548 (find_external_library)
[1.777s]   CMakeLists.txt:29 (find_package)
[1.777s] This warning is for project developers.  Use -Wno-dev to suppress it.
[1.777s] [0m
[1.778s] -- QHULL found (include: /usr/include, lib: optimized;/usr/lib/x86_64-linux-gnu/libqhull.so;debug;/usr/lib/x86_64-linux-gnu/libqhull.so)
[1.783s] [33mCMake Warning (dev) at /usr/share/cmake-3.27/Modules/FindPackageHandleStandardArgs.cmake:438 (message):
[1.783s]   The package name passed to `find_package_handle_standard_args` (USB_10)
[1.783s]   does not match the name of the calling package (OpenNI).  This can lead to
[1.783s]   problems in calling code that expects `find_package` result variables
[1.784s]   (e.g., `_FOUND`) to follow a certain pattern.
[1.784s] Call Stack (most recent call first):
[1.784s]   /usr/lib/x86_64-linux-gnu/cmake/pcl/Modules/FindOpenNI.cmake:28 (find_package_handle_standard_args)
[1.784s]   /usr/lib/x86_64-linux-gnu/cmake/pcl/PCLConfig.cmake:179 (find_package)
[1.784s]   /usr/lib/x86_64-linux-gnu/cmake/pcl/PCLConfig.cmake:322 (find_openni)
[1.784s]   /usr/lib/x86_64-linux-gnu/cmake/pcl/PCLConfig.cmake:548 (find_external_library)
[1.784s]   CMakeLists.txt:29 (find_package)
[1.784s] This warning is for project developers.  Use -Wno-dev to suppress it.
[1.784s] [0m
[1.784s] -- OpenNI found (include: /usr/include/ni, lib: /usr/lib/libOpenNI.so)
[1.795s] -- looking for PCL_COMMON
[1.795s] [33mCMake Warning (dev) at /usr/share/cmake-3.27/Modules/FindPackageHandleStandardArgs.cmake:438 (message):
[1.795s]   The package name passed to `find_package_handle_standard_args` (PCL_COMMON)
[1.796s]   does not match the name of the calling package (PCL).  This can lead to
[1.796s]   problems in calling code that expects `find_package` result variables
[1.796s]   (e.g., `_FOUND`) to follow a certain pattern.
[1.796s] Call Stack (most recent call first):
[1.796s]   /usr/lib/x86_64-linux-gnu/cmake/pcl/PCLConfig.cmake:616 (find_package_handle_standard_args)
[1.796s]   CMakeLists.txt:29 (find_package)
[1.796s] This warning is for project developers.  Use -Wno-dev to suppress it.
[1.797s] [0m
[1.797s] -- looking for PCL_KDTREE
[1.797s] [33mCMake Warning (dev) at /usr/share/cmake-3.27/Modules/FindPackageHandleStandardArgs.cmake:438 (message):
[1.797s]   The package name passed to `find_package_handle_standard_args` (PCL_KDTREE)
[1.797s]   does not match the name of the calling package (PCL).  This can lead to
[1.798s]   problems in calling code that expects `find_package` result variables
[1.798s]   (e.g., `_FOUND`) to follow a certain pattern.
[1.798s] Call Stack (most recent call first):
[1.798s]   /usr/lib/x86_64-linux-gnu/cmake/pcl/PCLConfig.cmake:616 (find_package_handle_standard_args)
[1.798s]   CMakeLists.txt:29 (find_package)
[1.798s] This warning is for project developers.  Use -Wno-dev to suppress it.
[1.798s] [0m
[1.799s] [33mCMake Warning (dev) at /usr/share/cmake-3.27/Modules/FindPackageHandleStandardArgs.cmake:438 (message):
[1.799s]   The package name passed to `find_package_handle_standard_args` (PCL_OCTREE)
[1.799s]   does not match the name of the calling package (PCL).  This can lead to
[1.799s]   problems in calling code that expects `find_package` result variables
[1.799s]   (e.g., `_FOUND`) to follow a certain pattern.
[1.799s] Call Stack (most recent call first):
[1.799s]   /usr/lib/x86_64-linux-gnu/cmake/pcl/PCLConfig.cmake:616 (find_package_handle_standard_args)
[1.799s]   CMakeLists.txt:29 (find_package)
[1.800s] This warning is for project developers.  Use -Wno-dev to suppress it.
[1.800s] [0m
[1.800s] -- looking for PCL_OCTREE
[1.800s] -- looking for PCL_SEARCH
[1.800s] [33mCMake Warning (dev) at /usr/share/cmake-3.27/Modules/FindPackageHandleStandardArgs.cmake:438 (message):
[1.800s]   The package name passed to `find_package_handle_standard_args` (PCL_SEARCH)
[1.800s]   does not match the name of the calling package (PCL).  This can lead to
[1.800s]   problems in calling code that expects `find_package` result variables
[1.800s]   (e.g., `_FOUND`) to follow a certain pattern.
[1.801s] Call Stack (most recent call first):
[1.801s]   /usr/lib/x86_64-linux-gnu/cmake/pcl/PCLConfig.cmake:616 (find_package_handle_standard_args)
[1.801s]   CMakeLists.txt:29 (find_package)
[1.801s] This warning is for project developers.  Use -Wno-dev to suppress it.
[1.801s] [0m
[1.801s] [33mCMake Warning (dev) at /usr/share/cmake-3.27/Modules/FindPackageHandleStandardArgs.cmake:438 (message):
[1.801s]   The package name passed to `find_package_handle_standard_args`
[1.802s]   (PCL_SAMPLE_CONSENSUS) does not match the name of the calling package
[1.802s]   (PCL).  This can lead to problems in calling code that expects
[1.802s]   `find_package` result variables (e.g., `_FOUND`) to follow a certain
[1.802s]   pattern.
[1.802s] Call Stack (most recent call first):
[1.802s]   /usr/lib/x86_64-linux-gnu/cmake/pcl/PCLConfig.cmake:616 (find_package_handle_standard_args)
[1.802s]   CMakeLists.txt:29 (find_package)
[1.802s] This warning is for project developers.  Use -Wno-dev to suppress it.
[1.802s] [0m
[1.802s] -- looking for PCL_SAMPLE_CONSENSUS
[1.802s] -- looking for PCL_FILTERS
[1.802s] [33mCMake Warning (dev) at /usr/share/cmake-3.27/Modules/FindPackageHandleStandardArgs.cmake:438 (message):
[1.803s]   The package name passed to `find_package_handle_standard_args`
[1.803s]   (PCL_FILTERS) does not match the name of the calling package (PCL).  This
[1.803s]   can lead to problems in calling code that expects `find_package` result
[1.803s]   variables (e.g., `_FOUND`) to follow a certain pattern.
[1.803s] Call Stack (most recent call first):
[1.803s]   /usr/lib/x86_64-linux-gnu/cmake/pcl/PCLConfig.cmake:616 (find_package_handle_standard_args)
[1.803s]   CMakeLists.txt:29 (find_package)
[1.803s] This warning is for project developers.  Use -Wno-dev to suppress it.
[1.804s] [0m
[1.804s] -- looking for PCL_2D
[1.804s] [33mCMake Warning (dev) at /usr/share/cmake-3.27/Modules/FindPackageHandleStandardArgs.cmake:438 (message):
[1.804s]   The package name passed to `find_package_handle_standard_args` (PCL_2D)
[1.804s]   does not match the name of the calling package (PCL).  This can lead to
[1.804s]   problems in calling code that expects `find_package` result variables
[1.804s]   (e.g., `_FOUND`) to follow a certain pattern.
[1.804s] Call Stack (most recent call first):
[1.804s]   /usr/lib/x86_64-linux-gnu/cmake/pcl/PCLConfig.cmake:619 (find_package_handle_standard_args)
[1.804s]   CMakeLists.txt:29 (find_package)
[1.804s] This warning is for project developers.  Use -Wno-dev to suppress it.
[1.805s] [0m
[1.805s] -- looking for PCL_GEOMETRY
[1.805s] [33mCMake Warning (dev) at /usr/share/cmake-3.27/Modules/FindPackageHandleStandardArgs.cmake:438 (message):
[1.805s]   The package name passed to `find_package_handle_standard_args`
[1.805s]   (PCL_GEOMETRY) does not match the name of the calling package (PCL).  This
[1.805s]   can lead to problems in calling code that expects `find_package` result
[1.805s]   variables (e.g., `_FOUND`) to follow a certain pattern.
[1.805s] Call Stack (most recent call first):
[1.805s]   /usr/lib/x86_64-linux-gnu/cmake/pcl/PCLConfig.cmake:619 (find_package_handle_standard_args)
[1.805s]   CMakeLists.txt:29 (find_package)
[1.806s] This warning is for project developers.  Use -Wno-dev to suppress it.
[1.806s] [0m
[1.806s] -- looking for PCL_IO
[1.806s] [33mCMake Warning (dev) at /usr/share/cmake-3.27/Modules/FindPackageHandleStandardArgs.cmake:438 (message):
[1.806s]   The package name passed to `find_package_handle_standard_args` (PCL_IO)
[1.806s]   does not match the name of the calling package (PCL).  This can lead to
[1.806s]   problems in calling code that expects `find_package` result variables
[1.806s]   (e.g., `_FOUND`) to follow a certain pattern.
[1.806s] Call Stack (most recent call first):
[1.806s]   /usr/lib/x86_64-linux-gnu/cmake/pcl/PCLConfig.cmake:616 (find_package_handle_standard_args)
[1.807s]   CMakeLists.txt:29 (find_package)
[1.807s] This warning is for project developers.  Use -Wno-dev to suppress it.
[1.807s] [0m
[1.807s] [33mCMake Warning (dev) at /usr/share/cmake-3.27/Modules/FindPackageHandleStandardArgs.cmake:438 (message):
[1.807s]   The package name passed to `find_package_handle_standard_args`
[1.807s]   (PCL_FEATURES) does not match the name of the calling package (PCL).  This
[1.807s]   can lead to problems in calling code that expects `find_package` result
[1.807s]   variables (e.g., `_FOUND`) to follow a certain pattern.
[1.807s] Call Stack (most recent call first):
[1.807s]   /usr/lib/x86_64-linux-gnu/cmake/pcl/PCLConfig.cmake:616 (find_package_handle_standard_args)
[1.807s]   CMakeLists.txt:29 (find_package)
[1.807s] This warning is for project developers.  Use -Wno-dev to suppress it.
[1.807s] [0m
[1.807s] -- looking for PCL_FEATURES
[1.808s] -- looking for PCL_ML
[1.808s] [33mCMake Warning (dev) at /usr/share/cmake-3.27/Modules/FindPackageHandleStandardArgs.cmake:438 (message):
[1.808s]   The package name passed to `find_package_handle_standard_args` (PCL_ML)
[1.808s]   does not match the name of the calling package (PCL).  This can lead to
[1.808s]   problems in calling code that expects `find_package` result variables
[1.808s]   (e.g., `_FOUND`) to follow a certain pattern.
[1.808s] Call Stack (most recent call first):
[1.808s]   /usr/lib/x86_64-linux-gnu/cmake/pcl/PCLConfig.cmake:616 (find_package_handle_standard_args)
[1.808s]   CMakeLists.txt:29 (find_package)
[1.808s] This warning is for project developers.  Use -Wno-dev to suppress it.
[1.809s] [0m
[1.809s] -- looking for PCL_SEGMENTATION
[1.809s] [33mCMake Warning (dev) at /usr/share/cmake-3.27/Modules/FindPackageHandleStandardArgs.cmake:438 (message):
[1.809s]   The package name passed to `find_package_handle_standard_args`
[1.809s]   (PCL_SEGMENTATION) does not match the name of the calling package (PCL).
[1.809s]   This can lead to problems in calling code that expects `find_package`
[1.809s]   result variables (e.g., `_FOUND`) to follow a certain pattern.
[1.809s] Call Stack (most recent call first):
[1.809s]   /usr/lib/x86_64-linux-gnu/cmake/pcl/PCLConfig.cmake:616 (find_package_handle_standard_args)
[1.809s]   CMakeLists.txt:29 (find_package)
[1.809s] This warning is for project developers.  Use -Wno-dev to suppress it.
[1.809s] [0m
[1.809s] -- looking for PCL_VISUALIZATION
[1.809s] [33mCMake Warning (dev) at /usr/share/cmake-3.27/Modules/FindPackageHandleStandardArgs.cmake:438 (message):
[1.810s]   The package name passed to `find_package_handle_standard_args`
[1.810s]   (PCL_VISUALIZATION) does not match the name of the calling package (PCL).
[1.810s]   This can lead to problems in calling code that expects `find_package`
[1.810s]   result variables (e.g., `_FOUND`) to follow a certain pattern.
[1.810s] Call Stack (most recent call first):
[1.810s]   /usr/lib/x86_64-linux-gnu/cmake/pcl/PCLConfig.cmake:616 (find_package_handle_standard_args)
[1.810s]   CMakeLists.txt:29 (find_package)
[1.810s] This warning is for project developers.  Use -Wno-dev to suppress it.
[1.810s] [0m
[1.810s] -- looking for PCL_SURFACE
[1.810s] [33mCMake Warning (dev) at /usr/share/cmake-3.27/Modules/FindPackageHandleStandardArgs.cmake:438 (message):
[1.810s]   The package name passed to `find_package_handle_standard_args`
[1.810s]   (PCL_SURFACE) does not match the name of the calling package (PCL).  This
[1.810s]   can lead to problems in calling code that expects `find_package` result
[1.810s]   variables (e.g., `_FOUND`) to follow a certain pattern.
[1.810s] Call Stack (most recent call first):
[1.811s]   /usr/lib/x86_64-linux-gnu/cmake/pcl/PCLConfig.cmake:616 (find_package_handle_standard_args)
[1.811s]   CMakeLists.txt:29 (find_package)
[1.811s] This warning is for project developers.  Use -Wno-dev to suppress it.
[1.811s] [0m
[1.811s] -- looking for PCL_REGISTRATION
[1.811s] [33mCMake Warning (dev) at /usr/share/cmake-3.27/Modules/FindPackageHandleStandardArgs.cmake:438 (message):
[1.811s]   The package name passed to `find_package_handle_standard_args`
[1.811s]   (PCL_REGISTRATION) does not match the name of the calling package (PCL).
[1.811s]   This can lead to problems in calling code that expects `find_package`
[1.811s]   result variables (e.g., `_FOUND`) to follow a certain pattern.
[1.811s] Call Stack (most recent call first):
[1.811s]   /usr/lib/x86_64-linux-gnu/cmake/pcl/PCLConfig.cmake:616 (find_package_handle_standard_args)
[1.811s]   CMakeLists.txt:29 (find_package)
[1.811s] This warning is for project developers.  Use -Wno-dev to suppress it.
[1.811s] [0m
[1.811s] -- looking for PCL_KEYPOINTS
[1.811s] [33mCMake Warning (dev) at /usr/share/cmake-3.27/Modules/FindPackageHandleStandardArgs.cmake:438 (message):
[1.811s]   The package name passed to `find_package_handle_standard_args`
[1.812s]   (PCL_KEYPOINTS) does not match the name of the calling package (PCL).  This
[1.812s]   can lead to problems in calling code that expects `find_package` result
[1.812s]   variables (e.g., `_FOUND`) to follow a certain pattern.
[1.812s] Call Stack (most recent call first):
[1.812s]   /usr/lib/x86_64-linux-gnu/cmake/pcl/PCLConfig.cmake:616 (find_package_handle_standard_args)
[1.812s]   CMakeLists.txt:29 (find_package)
[1.812s] This warning is for project developers.  Use -Wno-dev to suppress it.
[1.812s] [0m
[1.812s] -- looking for PCL_TRACKING
[1.812s] [33mCMake Warning (dev) at /usr/share/cmake-3.27/Modules/FindPackageHandleStandardArgs.cmake:438 (message):
[1.812s]   The package name passed to `find_package_handle_standard_args`
[1.812s]   (PCL_TRACKING) does not match the name of the calling package (PCL).  This
[1.812s]   can lead to problems in calling code that expects `find_package` result
[1.812s]   variables (e.g., `_FOUND`) to follow a certain pattern.
[1.812s] Call Stack (most recent call first):
[1.812s]   /usr/lib/x86_64-linux-gnu/cmake/pcl/PCLConfig.cmake:616 (find_package_handle_standard_args)
[1.813s]   CMakeLists.txt:29 (find_package)
[1.813s] This warning is for project developers.  Use -Wno-dev to suppress it.
[1.813s] [0m
[1.813s] -- looking for PCL_RECOGNITION
[1.813s] [33mCMake Warning (dev) at /usr/share/cmake-3.27/Modules/FindPackageHandleStandardArgs.cmake:438 (message):
[1.813s]   The package name passed to `find_package_handle_standard_args`
[1.813s]   (PCL_RECOGNITION) does not match the name of the calling package (PCL).
[1.813s]   This can lead to problems in calling code that expects `find_package`
[1.813s]   result variables (e.g., `_FOUND`) to follow a certain pattern.
[1.813s] Call Stack (most recent call first):
[1.813s]   /usr/lib/x86_64-linux-gnu/cmake/pcl/PCLConfig.cmake:616 (find_package_handle_standard_args)
[1.813s]   CMakeLists.txt:29 (find_package)
[1.813s] This warning is for project developers.  Use -Wno-dev to suppress it.
[1.814s] [0m
[1.814s] -- looking for PCL_STEREO
[1.814s] [33mCMake Warning (dev) at /usr/share/cmake-3.27/Modules/FindPackageHandleStandardArgs.cmake:438 (message):
[1.814s]   The package name passed to `find_package_handle_standard_args` (PCL_STEREO)
[1.814s]   does not match the name of the calling package (PCL).  This can lead to
[1.814s]   problems in calling code that expects `find_package` result variables
[1.814s]   (e.g., `_FOUND`) to follow a certain pattern.
[1.814s] Call Stack (most recent call first):
[1.814s]   /usr/lib/x86_64-linux-gnu/cmake/pcl/PCLConfig.cmake:616 (find_package_handle_standard_args)
[1.814s]   CMakeLists.txt:29 (find_package)
[1.814s] This warning is for project developers.  Use -Wno-dev to suppress it.
[1.814s] [0m
[1.814s] -- looking for PCL_APPS
[1.814s] [33mCMake Warning (dev) at /usr/share/cmake-3.27/Modules/FindPackageHandleStandardArgs.cmake:438 (message):
[1.814s]   The package name passed to `find_package_handle_standard_args` (PCL_APPS)
[1.814s]   does not match the name of the calling package (PCL).  This can lead to
[1.814s]   problems in calling code that expects `find_package` result variables
[1.815s]   (e.g., `_FOUND`) to follow a certain pattern.
[1.815s] Call Stack (most recent call first):
[1.815s]   /usr/lib/x86_64-linux-gnu/cmake/pcl/PCLConfig.cmake:616 (find_package_handle_standard_args)
[1.815s]   CMakeLists.txt:29 (find_package)
[1.815s] This warning is for project developers.  Use -Wno-dev to suppress it.
[1.815s] [0m
[1.815s] -- looking for PCL_IN_HAND_SCANNER
[1.815s] [33mCMake Warning (dev) at /usr/share/cmake-3.27/Modules/FindPackageHandleStandardArgs.cmake:438 (message):
[1.815s]   The package name passed to `find_package_handle_standard_args`
[1.815s]   (PCL_IN_HAND_SCANNER) does not match the name of the calling package (PCL).
[1.815s]   This can lead to problems in calling code that expects `find_package`
[1.815s]   result variables (e.g., `_FOUND`) to follow a certain pattern.
[1.815s] Call Stack (most recent call first):
[1.815s]   /usr/lib/x86_64-linux-gnu/cmake/pcl/PCLConfig.cmake:619 (find_package_handle_standard_args)
[1.815s]   CMakeLists.txt:29 (find_package)
[1.815s] This warning is for project developers.  Use -Wno-dev to suppress it.
[1.815s] [0m
[1.816s] -- looking for PCL_POINT_CLOUD_EDITOR
[1.816s] [33mCMake Warning (dev) at /usr/share/cmake-3.27/Modules/FindPackageHandleStandardArgs.cmake:438 (message):
[1.816s]   The package name passed to `find_package_handle_standard_args`
[1.816s]   (PCL_POINT_CLOUD_EDITOR) does not match the name of the calling package
[1.816s]   (PCL).  This can lead to problems in calling code that expects
[1.816s]   `find_package` result variables (e.g., `_FOUND`) to follow a certain
[1.816s]   pattern.
[1.816s] Call Stack (most recent call first):
[1.816s]   /usr/lib/x86_64-linux-gnu/cmake/pcl/PCLConfig.cmake:619 (find_package_handle_standard_args)
[1.816s]   CMakeLists.txt:29 (find_package)
[1.816s] This warning is for project developers.  Use -Wno-dev to suppress it.
[1.816s] [0m
[1.816s] -- looking for PCL_OUTOFCORE
[1.816s] [33mCMake Warning (dev) at /usr/share/cmake-3.27/Modules/FindPackageHandleStandardArgs.cmake:438 (message):
[1.816s]   The package name passed to `find_package_handle_standard_args`
[1.816s]   (PCL_OUTOFCORE) does not match the name of the calling package (PCL).  This
[1.816s]   can lead to problems in calling code that expects `find_package` result
[1.817s]   variables (e.g., `_FOUND`) to follow a certain pattern.
[1.817s] Call Stack (most recent call first):
[1.817s]   /usr/lib/x86_64-linux-gnu/cmake/pcl/PCLConfig.cmake:616 (find_package_handle_standard_args)
[1.817s]   CMakeLists.txt:29 (find_package)
[1.817s] This warning is for project developers.  Use -Wno-dev to suppress it.
[1.817s] [0m
[1.817s] -- looking for PCL_PEOPLE
[1.817s] [33mCMake Warning (dev) at /usr/share/cmake-3.27/Modules/FindPackageHandleStandardArgs.cmake:438 (message):
[1.817s]   The package name passed to `find_package_handle_standard_args` (PCL_PEOPLE)
[1.817s]   does not match the name of the calling package (PCL).  This can lead to
[1.817s]   problems in calling code that expects `find_package` result variables
[1.817s]   (e.g., `_FOUND`) to follow a certain pattern.
[1.817s] Call Stack (most recent call first):
[1.817s]   /usr/lib/x86_64-linux-gnu/cmake/pcl/PCLConfig.cmake:616 (find_package_handle_standard_args)
[1.817s]   CMakeLists.txt:29 (find_package)
[1.817s] This warning is for project developers.  Use -Wno-dev to suppress it.
[1.818s] [0m
[1.850s] -- Found ament_lint_auto: 0.9.8 (/opt/ros/foxy/share/ament_lint_auto/cmake)
[1.917s] -- Added test 'copyright' to check source files copyright and LICENSE
[1.920s] -- Added test 'cppcheck' to perform static code analysis on C / C++ code
[1.921s] -- Configured cppcheck include dirs: /home/jrlintern/Desktop/CNRS_AIST_Work/CNRS_AIST_Mobile_Shopping_Robot/robot_ws_ros2/src/ros2_laser_scan_merger/include
[1.921s] -- Configured cppcheck exclude dirs and/or files: 
[1.925s] -- Added test 'cpplint' to check C / C++ code against the Google style
[1.925s] -- Configured cpplint exclude dirs and/or files: 
[1.926s] -- Added test 'flake8' to check Python code syntax and style conventions
[1.927s] -- Added test 'lint_cmake' to check CMake code style
[1.928s] -- Added test 'pep257' to check Python code against some of the style conventions in PEP 257
[1.931s] -- Added test 'uncrustify' to check C / C++ code style
[1.931s] -- Configured uncrustify additional arguments: 
[1.932s] -- Added test 'xmllint' to check XML markup files
[1.933s] -- Configuring done (1.7s)
[1.958s] -- Generating done (0.0s)
[1.961s] -- Build files have been written to: /home/jrlintern/Desktop/CNRS_AIST_Work/CNRS_AIST_Mobile_Shopping_Robot/robot_ws_ros2/build/ros2_laser_scan_merger
[2.012s] [ 50%] [32mBuilding CXX object CMakeFiles/ros2_laser_scan_merger.dir/src/main.cpp.o[0m
[3.587s] [01m[K/home/jrlintern/Desktop/CNRS_AIST_Work/CNRS_AIST_Mobile_Shopping_Robot/robot_ws_ros2/src/ros2_laser_scan_merger/src/main.cpp:13:10:[m[K [01;31m[Kfatal error: [m[Ktf2_geometry_msgs/tf2_geometry_msgs.hpp: No such file or directory
[3.588s]    13 | #include [01;31m[K<tf2_geometry_msgs/tf2_geometry_msgs.hpp>[m[K
[3.588s]       |          [01;31m[K^~~~~~~~~~~~~~~~~~~~~~~~~~~~~~~~~~~~~~~~~[m[K
[3.588s] compilation terminated.
[3.606s] make[2]: *** [CMakeFiles/ros2_laser_scan_merger.dir/build.make:76: CMakeFiles/ros2_laser_scan_merger.dir/src/main.cpp.o] Error 1
[3.606s] make[1]: *** [CMakeFiles/Makefile2:137: CMakeFiles/ros2_laser_scan_merger.dir/all] Error 2
[3.607s] make: *** [Makefile:146: all] Error 2
[3.609s] Invoked command in '/home/jrlintern/Desktop/CNRS_AIST_Work/CNRS_AIST_Mobile_Shopping_Robot/robot_ws_ros2/build/ros2_laser_scan_merger' returned '2': CMAKE_PREFIX_PATH=${CMAKE_PREFIX_PATH}:/opt/ros/foxy /usr/bin/cmake --build /home/jrlintern/Desktop/CNRS_AIST_Work/CNRS_AIST_Mobile_Shopping_Robot/robot_ws_ros2/build/ros2_laser_scan_merger -- -j8 -l8
