[0.270s] Invoking command in '/home/jrlintern/Desktop/CNRS_AIST_Work/CNRS_AIST_Mobile_Shopping_Robot/robot_ws_ros2/build/c_pkg': /usr/bin/cmake --build /home/jrlintern/Desktop/CNRS_AIST_Work/CNRS_AIST_Mobile_Shopping_Robot/robot_ws_ros2/build/c_pkg -- -j8 -l8
[0.284s] -- Found ament_cmake: 0.9.12 (/opt/ros/foxy/share/ament_cmake/cmake)
[0.286s] [33mCMake Warning (dev) at /opt/ros/foxy/share/ament_cmake_core/cmake/core/python.cmake:22 (find_package):
[0.286s]   Policy CMP0148 is not set: The FindPythonInterp and FindPythonLibs modules
[0.286s]   are removed.  Run "cmake --help-policy CMP0148" for policy details.  Use
[0.286s]   the cmake_policy command to set the policy and suppress this warning.
[0.286s] 
[0.286s] Call Stack (most recent call first):
[0.286s]   /opt/ros/foxy/share/ament_cmake_core/cmake/core/all.cmake:53 (include)
[0.286s]   /opt/ros/foxy/share/ament_cmake_core/cmake/ament_cmake_core-extras.cmake:17 (include)
[0.286s]   /opt/ros/foxy/share/ament_cmake_core/cmake/ament_cmake_coreConfig.cmake:41 (include)
[0.286s]   /opt/ros/foxy/share/ament_cmake/cmake/ament_cmake_export_dependencies-extras.cmake:15 (find_package)
[0.287s]   /opt/ros/foxy/share/ament_cmake/cmake/ament_cmakeConfig.cmake:41 (include)
[0.287s]   CMakeLists.txt:19 (find_package)
[0.287s] This warning is for project developers.  Use -Wno-dev to suppress it.
[0.287s] [0m
[0.306s] -- Using PYTHON_EXECUTABLE: /usr/bin/python3
[0.458s] Traceback (most recent call last):
[0.458s]   File "/opt/ros/foxy/share/ament_cmake_core/cmake/package_templates/templates_2_cmake.py", line 21, in <module>
[0.458s]     from ament_package.templates import get_environment_hook_template_path
[0.458s] ModuleNotFoundError: No module named 'ament_package'
[0.478s] [31mCMake Error at /opt/ros/foxy/share/ament_cmake_core/cmake/ament_cmake_package_templates-extras.cmake:41 (message):
[0.478s]   execute_process(/usr/bin/python3
[0.478s]   /opt/ros/foxy/share/ament_cmake_core/cmake/package_templates/templates_2_cmake.py
[0.478s]   /home/jrlintern/Desktop/CNRS_AIST_Work/CNRS_AIST_Mobile_Shopping_Robot/robot_ws_ros2/build/c_pkg/ament_cmake_package_templates/templates.cmake)
[0.478s]   returned error code 1
[0.478s] Call Stack (most recent call first):
[0.478s]   /opt/ros/foxy/share/ament_cmake_core/cmake/ament_cmake_coreConfig.cmake:41 (include)
[0.478s]   /opt/ros/foxy/share/ament_cmake/cmake/ament_cmake_export_dependencies-extras.cmake:15 (find_package)
[0.479s]   /opt/ros/foxy/share/ament_cmake/cmake/ament_cmakeConfig.cmake:41 (include)
[0.479s]   CMakeLists.txt:19 (find_package)
[0.479s] 
[0.479s] [0m
[0.479s] -- Configuring incomplete, errors occurred!
[0.480s] make: *** [Makefile:226: cmake_check_build_system] Error 1
[0.483s] Invoked command in '/home/jrlintern/Desktop/CNRS_AIST_Work/CNRS_AIST_Mobile_Shopping_Robot/robot_ws_ros2/build/c_pkg' returned '2': /usr/bin/cmake --build /home/jrlintern/Desktop/CNRS_AIST_Work/CNRS_AIST_Mobile_Shopping_Robot/robot_ws_ros2/build/c_pkg -- -j8 -l8
